"../../../Engine/Content/EngineMaterials/T_Default_Material_Grid_M.ubulk" 0
"../../../Engine/Content/EngineMaterials/T_Default_Material_Grid_M.uasset" 1
"../../../Engine/Content/EngineMaterials/T_Default_Material_Grid_M.uexp" 2
"../../../Engine/Content/EngineMaterials/T_Default_Material_Grid_N.ubulk" 3
"../../../Engine/Content/EngineMaterials/T_Default_Material_Grid_N.uasset" 4
"../../../Engine/Content/EngineMaterials/T_Default_Material_Grid_N.uexp" 5
"../../../Engine/Content/Functions/Engine_MaterialFunctions01/Opacity/CameraDepthFade.uasset" 6
"../../../Engine/Content/Functions/Engine_MaterialFunctions01/Opacity/CameraDepthFade.uexp" 7
"../../../Engine/Content/EngineMaterials/WorldGridMaterial.uasset" 8
"../../../Engine/Content/EngineMaterials/WorldGridMaterial.uexp" 9
"../../../Engine/Content/BasicShapes/Cube.uasset" 10
"../../../Engine/Content/BasicShapes/Cube.uexp" 11
"../../../Engine/Content/EngineMaterials/DefaultMaterial.uasset" 12
"../../../Engine/Content/EngineMaterials/DefaultMaterial.uexp" 13
"../../../Engine/Content/BasicShapes/Cone.uasset" 14
"../../../Engine/Content/BasicShapes/Cone.uexp" 15
"../../../Engine/Content/ArtTools/RenderToTexture/Meshes/S_1_Unit_Plane.uasset" 16
"../../../Engine/Content/ArtTools/RenderToTexture/Meshes/S_1_Unit_Plane.uexp" 17
"C:/Users/Edde/Documents/GitHub/VRGameSTEAM/Content/AssetsvilleTown/Meshes/Characters/SkeletonCharacter.uasset" 18
"C:/Users/Edde/Documents/GitHub/VRGameSTEAM/Content/AssetsvilleTown/Meshes/Characters/SkeletonCharacter.uexp" 19
"C:/Users/Edde/Documents/GitHub/VRGameSTEAM/Content/AssetsvilleTown/Meshes/Characters/PH_characterPhysicsAsset.uasset" 20
"C:/Users/Edde/Documents/GitHub/VRGameSTEAM/Content/AssetsvilleTown/Meshes/Characters/PH_characterPhysicsAsset.uexp" 21
"C:/Users/Edde/Documents/GitHub/VRGameSTEAM/Content/AssetsvilleTown/Textures/Base/T_colorPalette_METAL.ubulk" 22
"C:/Users/Edde/Documents/GitHub/VRGameSTEAM/Content/AssetsvilleTown/Textures/Base/T_colorPalette_METAL.uasset" 23
"C:/Users/Edde/Documents/GitHub/VRGameSTEAM/Content/AssetsvilleTown/Textures/Base/T_colorPalette_METAL.uexp" 24
"C:/Users/Edde/Documents/GitHub/VRGameSTEAM/Content/AssetsvilleTown/Textures/Base/T_colorPalette2048.ubulk" 25
"C:/Users/Edde/Documents/GitHub/VRGameSTEAM/Content/AssetsvilleTown/Textures/Base/T_colorPalette2048.uasset" 26
"C:/Users/Edde/Documents/GitHub/VRGameSTEAM/Content/AssetsvilleTown/Textures/Base/T_colorPalette2048.uexp" 27
"C:/Users/Edde/Documents/GitHub/VRGameSTEAM/Content/AssetsvilleTown/Materials/MasterMaterials/M_BaseColorPalette.uasset" 28
"C:/Users/Edde/Documents/GitHub/VRGameSTEAM/Content/AssetsvilleTown/Materials/MasterMaterials/M_BaseColorPalette.uexp" 29
"C:/Users/Edde/Documents/GitHub/VRGameSTEAM/Content/AssetsvilleTown/Materials/MI_ColorPalette.uasset" 30
"C:/Users/Edde/Documents/GitHub/VRGameSTEAM/Content/AssetsvilleTown/Materials/MI_ColorPalette.uexp" 31
"C:/Users/Edde/Documents/GitHub/VRGameSTEAM/Content/AssetsvilleTown/Meshes/Characters/SK_citizen_male_01.uasset" 32
"C:/Users/Edde/Documents/GitHub/VRGameSTEAM/Content/AssetsvilleTown/Meshes/Characters/SK_citizen_male_01.uexp" 33
"../../../Engine/Content/EngineMaterials/BaseFlattenNormalMap.uasset" 34
"../../../Engine/Content/EngineMaterials/BaseFlattenNormalMap.uexp" 35
"../../../Engine/Content/EngineResources/Black.uasset" 36
"../../../Engine/Content/EngineResources/Black.uexp" 37
"../../../Engine/Plugins/Runtime/OpenXR/Content/Devices/M_XRController.uasset" 38
"../../../Engine/Plugins/Runtime/OpenXR/Content/Devices/M_XRController.uexp" 39
"../../../Engine/Plugins/Runtime/OpenXR/Content/Devices/ValveIndex/MRTexture.ubulk" 40
"../../../Engine/Plugins/Runtime/OpenXR/Content/Devices/ValveIndex/MRTexture.uasset" 41
"../../../Engine/Plugins/Runtime/OpenXR/Content/Devices/ValveIndex/MRTexture.uexp" 42
"../../../Engine/Plugins/Runtime/OpenXR/Content/Devices/ValveIndex/BaseTexture.ubulk" 43
"../../../Engine/Plugins/Runtime/OpenXR/Content/Devices/ValveIndex/BaseTexture.uasset" 44
"../../../Engine/Plugins/Runtime/OpenXR/Content/Devices/ValveIndex/BaseTexture.uexp" 45
"../../../Engine/Plugins/Runtime/OpenXR/Content/Devices/ValveIndex/Right/MI_right_ValveIndex.uasset" 46
"../../../Engine/Plugins/Runtime/OpenXR/Content/Devices/ValveIndex/Right/MI_right_ValveIndex.uexp" 47
"../../../Engine/Plugins/Runtime/OpenXR/Content/Devices/ValveIndex/Right/right_ValveIndexController.uasset" 48
"../../../Engine/Plugins/Runtime/OpenXR/Content/Devices/ValveIndex/Right/right_ValveIndexController.uexp" 49
"../../../Engine/Plugins/Runtime/OpenXR/Content/Devices/ValveIndex/Left/MI_left_ValveIndex.uasset" 50
"../../../Engine/Plugins/Runtime/OpenXR/Content/Devices/ValveIndex/Left/MI_left_ValveIndex.uexp" 51
"../../../Engine/Plugins/Runtime/OpenXR/Content/Devices/ValveIndex/Left/left_ValveIndexController.uasset" 52
"../../../Engine/Plugins/Runtime/OpenXR/Content/Devices/ValveIndex/Left/left_ValveIndexController.uexp" 53
"../../../Engine/Plugins/Runtime/OpenXR/Content/Devices/OculusTouch_v3/MRTexture.ubulk" 54
"../../../Engine/Plugins/Runtime/OpenXR/Content/Devices/OculusTouch_v3/MRTexture.uasset" 55
"../../../Engine/Plugins/Runtime/OpenXR/Content/Devices/OculusTouch_v3/MRTexture.uexp" 56
"../../../Engine/Plugins/Runtime/OpenXR/Content/Devices/OculusTouch_v3/BaseTexture.ubulk" 57
"../../../Engine/Plugins/Runtime/OpenXR/Content/Devices/OculusTouch_v3/BaseTexture.uasset" 58
"../../../Engine/Plugins/Runtime/OpenXR/Content/Devices/OculusTouch_v3/BaseTexture.uexp" 59
"../../../Engine/Plugins/Runtime/OpenXR/Content/Devices/OculusTouch_v3/MI_OculusTouch_v3.uasset" 60
"../../../Engine/Plugins/Runtime/OpenXR/Content/Devices/OculusTouch_v3/MI_OculusTouch_v3.uexp" 61
"../../../Engine/Plugins/Runtime/OpenXR/Content/Devices/OculusTouch_v3/Right/right_OculusTouch_v3Controller.uasset" 62
"../../../Engine/Plugins/Runtime/OpenXR/Content/Devices/OculusTouch_v3/Right/right_OculusTouch_v3Controller.uexp" 63
"../../../Engine/Plugins/Runtime/OpenXR/Content/Devices/OculusTouch_v3/Left/left_OculusTouch_v3Controller.uasset" 64
"../../../Engine/Plugins/Runtime/OpenXR/Content/Devices/OculusTouch_v3/Left/left_OculusTouch_v3Controller.uexp" 65
"../../../Engine/Plugins/Runtime/OpenXR/Content/Devices/OculusTouch/BaseTexture.ubulk" 66
"../../../Engine/Plugins/Runtime/OpenXR/Content/Devices/OculusTouch/BaseTexture.uasset" 67
"../../../Engine/Plugins/Runtime/OpenXR/Content/Devices/OculusTouch/BaseTexture.uexp" 68
"../../../Engine/Plugins/Runtime/OpenXR/Content/Devices/OculusTouch/MRTexture.ubulk" 69
"../../../Engine/Plugins/Runtime/OpenXR/Content/Devices/OculusTouch/MRTexture.uasset" 70
"../../../Engine/Plugins/Runtime/OpenXR/Content/Devices/OculusTouch/MRTexture.uexp" 71
"../../../Engine/Plugins/Runtime/OpenXR/Content/Devices/OculusTouch/MI_OculusTouch.uasset" 72
"../../../Engine/Plugins/Runtime/OpenXR/Content/Devices/OculusTouch/MI_OculusTouch.uexp" 73
"../../../Engine/Plugins/Runtime/OpenXR/Content/Devices/OculusTouch/Right/right_OculusTouchController.uasset" 74
"../../../Engine/Plugins/Runtime/OpenXR/Content/Devices/OculusTouch/Right/right_OculusTouchController.uexp" 75
"../../../Engine/Plugins/Runtime/OpenXR/Content/Devices/OculusTouch/Left/left_OculusTouchController.uasset" 76
"../../../Engine/Plugins/Runtime/OpenXR/Content/Devices/OculusTouch/Left/left_OculusTouchController.uexp" 77
"../../../Engine/Plugins/Runtime/OpenXR/Content/Devices/OculusGo/BaseTexture.ubulk" 78
"../../../Engine/Plugins/Runtime/OpenXR/Content/Devices/OculusGo/BaseTexture.uasset" 79
"../../../Engine/Plugins/Runtime/OpenXR/Content/Devices/OculusGo/BaseTexture.uexp" 80
"../../../Engine/Plugins/Runtime/OpenXR/Content/Devices/OculusGo/MI_OculusGo.uasset" 81
"../../../Engine/Plugins/Runtime/OpenXR/Content/Devices/OculusGo/MI_OculusGo.uexp" 82
"../../../Engine/Plugins/Runtime/OpenXR/Content/Devices/OculusGo/OculusGoController.uasset" 83
"../../../Engine/Plugins/Runtime/OpenXR/Content/Devices/OculusGo/OculusGoController.uexp" 84
"../../../Engine/Plugins/Runtime/OpenXR/Content/Devices/MicrosoftMixedReality/NormalTexture.ubulk" 85
"../../../Engine/Plugins/Runtime/OpenXR/Content/Devices/MicrosoftMixedReality/NormalTexture.uasset" 86
"../../../Engine/Plugins/Runtime/OpenXR/Content/Devices/MicrosoftMixedReality/NormalTexture.uexp" 87
"../../../Engine/Plugins/Runtime/OpenXR/Content/Devices/MicrosoftMixedReality/EmissiveTexture.ubulk" 88
"../../../Engine/Plugins/Runtime/OpenXR/Content/Devices/MicrosoftMixedReality/EmissiveTexture.uasset" 89
"../../../Engine/Plugins/Runtime/OpenXR/Content/Devices/MicrosoftMixedReality/EmissiveTexture.uexp" 90
"../../../Engine/Plugins/Runtime/OpenXR/Content/Devices/MicrosoftMixedReality/BaseTexture.ubulk" 91
"../../../Engine/Plugins/Runtime/OpenXR/Content/Devices/MicrosoftMixedReality/BaseTexture.uasset" 92
"../../../Engine/Plugins/Runtime/OpenXR/Content/Devices/MicrosoftMixedReality/BaseTexture.uexp" 93
"../../../Engine/Plugins/Runtime/OpenXR/Content/Devices/MicrosoftMixedReality/MRTexture.ubulk" 94
"../../../Engine/Plugins/Runtime/OpenXR/Content/Devices/MicrosoftMixedReality/MRTexture.uasset" 95
"../../../Engine/Plugins/Runtime/OpenXR/Content/Devices/MicrosoftMixedReality/MRTexture.uexp" 96
"../../../Engine/Plugins/Runtime/OpenXR/Content/Devices/MicrosoftMixedReality/MI_MicrosoftMixedReality.uasset" 97
"../../../Engine/Plugins/Runtime/OpenXR/Content/Devices/MicrosoftMixedReality/MI_MicrosoftMixedReality.uexp" 98
"../../../Engine/Plugins/Runtime/OpenXR/Content/Devices/MicrosoftMixedReality/Right/right_MicrosoftMixedRealityController.uasset" 99
"../../../Engine/Plugins/Runtime/OpenXR/Content/Devices/MicrosoftMixedReality/Right/right_MicrosoftMixedRealityController.uexp" 100
"../../../Engine/Plugins/Runtime/OpenXR/Content/Devices/MicrosoftMixedReality/Left/left_MicrosoftMixedRealityController.uasset" 101
"../../../Engine/Plugins/Runtime/OpenXR/Content/Devices/MicrosoftMixedReality/Left/left_MicrosoftMixedRealityController.uexp" 102
"../../../Engine/Plugins/Runtime/OpenXR/Content/Devices/HTCVive/BaseTexture.ubulk" 103
"../../../Engine/Plugins/Runtime/OpenXR/Content/Devices/HTCVive/BaseTexture.uasset" 104
"../../../Engine/Plugins/Runtime/OpenXR/Content/Devices/HTCVive/BaseTexture.uexp" 105
"../../../Engine/Plugins/Runtime/OpenXR/Content/Devices/HTCVive/MI_HTCVive.uasset" 106
"../../../Engine/Plugins/Runtime/OpenXR/Content/Devices/HTCVive/MI_HTCVive.uexp" 107
"../../../Engine/Plugins/Runtime/OpenXR/Content/Devices/HTCVive/HTCViveController.uasset" 108
"../../../Engine/Plugins/Runtime/OpenXR/Content/Devices/HTCVive/HTCViveController.uexp" 109
"../../../Engine/Plugins/Runtime/HairStrands/Content/Materials/HairMeshesDefaultMaterial.uasset" 110
"../../../Engine/Plugins/Runtime/HairStrands/Content/Materials/HairMeshesDefaultMaterial.uexp" 111
"../../../Engine/Plugins/Runtime/HairStrands/Content/Materials/HairDefaultMaterial.uasset" 112
"../../../Engine/Plugins/Runtime/HairStrands/Content/Materials/HairDefaultMaterial.uexp" 113
"../../../Engine/Plugins/Runtime/HairStrands/Content/Materials/HairGroupColors.uasset" 114
"../../../Engine/Plugins/Runtime/HairStrands/Content/Materials/HairGroupColors.uexp" 115
"../../../Engine/Content/Functions/Engine_MaterialFunctions02/Utility/MakeFloat2.uasset" 116
"../../../Engine/Content/Functions/Engine_MaterialFunctions02/Utility/MakeFloat2.uexp" 117
"../../../Engine/Content/Functions/Engine_MaterialFunctions02/Utility/MakeFloat3.uasset" 118
"../../../Engine/Content/Functions/Engine_MaterialFunctions02/Utility/MakeFloat3.uexp" 119
"../../../Engine/Content/EngineMaterials/HairColorMap.uasset" 120
"../../../Engine/Content/EngineMaterials/HairColorMap.uexp" 121
"../../../Engine/Content/EngineMaterials/HairDebugColor.uasset" 122
"../../../Engine/Content/EngineMaterials/HairDebugColor.uexp" 123
"../../../Engine/Plugins/Runtime/HairStrands/Content/Materials/HairDebugMaterial.uasset" 124
"../../../Engine/Plugins/Runtime/HairStrands/Content/Materials/HairDebugMaterial.uexp" 125
"../../../Engine/Plugins/Runtime/HairStrands/Content/Materials/HairCardsDefaultMaterial.uasset" 126
"../../../Engine/Plugins/Runtime/HairStrands/Content/Materials/HairCardsDefaultMaterial.uexp" 127
"../../../Engine/Plugins/Marketplace/MetaXR/OculusIntegration_v46_UE5/Content/Textures/TouchForQuestRiftSController_albedo.ubulk" 128
"../../../Engine/Plugins/Marketplace/MetaXR/OculusIntegration_v46_UE5/Content/Textures/TouchForQuestRiftSController_albedo.uasset" 129
"../../../Engine/Plugins/Marketplace/MetaXR/OculusIntegration_v46_UE5/Content/Textures/TouchForQuestRiftSController_albedo.uexp" 130
"../../../Engine/Plugins/Marketplace/MetaXR/OculusIntegration_v46_UE5/Content/Materials/TouchForQuestRiftSControllerMaterial.uasset" 131
"../../../Engine/Plugins/Marketplace/MetaXR/OculusIntegration_v46_UE5/Content/Materials/TouchForQuestRiftSControllerMaterial.uexp" 132
"../../../Engine/Plugins/Marketplace/MetaXR/OculusIntegration_v46_UE5/Content/Meshes/RightTouchForQuestRiftSController.uasset" 133
"../../../Engine/Plugins/Marketplace/MetaXR/OculusIntegration_v46_UE5/Content/Meshes/RightTouchForQuestRiftSController.uexp" 134
"../../../Engine/Plugins/Marketplace/MetaXR/OculusIntegration_v46_UE5/Content/Meshes/LeftTouchForQuestRiftSController.uasset" 135
"../../../Engine/Plugins/Marketplace/MetaXR/OculusIntegration_v46_UE5/Content/Meshes/LeftTouchForQuestRiftSController.uexp" 136
"../../../Engine/Plugins/Marketplace/MetaXR/OculusIntegration_v46_UE5/Content/Materials/PokeAHoleMaterial.uasset" 137
"../../../Engine/Plugins/Marketplace/MetaXR/OculusIntegration_v46_UE5/Content/Materials/PokeAHoleMaterial.uexp" 138
"../../../Engine/Plugins/Marketplace/MetaXR/OculusIntegration_v46_UE5/Content/Materials/PokeAHoleInverseMaterial.uasset" 139
"../../../Engine/Plugins/Marketplace/MetaXR/OculusIntegration_v46_UE5/Content/Materials/PokeAHoleInverseMaterial.uexp" 140
"../../../Engine/Plugins/Marketplace/MetaXR/OculusIntegration_v46_UE5/Content/Materials/OculusMR_OpaqueColoredMaterial.uasset" 141
"../../../Engine/Plugins/Marketplace/MetaXR/OculusIntegration_v46_UE5/Content/Materials/OculusMR_OpaqueColoredMaterial.uexp" 142
"../../../Engine/Content/EngineResources/WhiteSquareTexture.uasset" 143
"../../../Engine/Content/EngineResources/WhiteSquareTexture.uexp" 144
"../../../Engine/Content/Functions/Engine_MaterialFunctions02/Utility/BreakOutFloat4Components.uasset" 145
"../../../Engine/Content/Functions/Engine_MaterialFunctions02/Utility/BreakOutFloat4Components.uexp" 146
"../../../Engine/Plugins/Marketplace/MetaXR/OculusIntegration_v46_UE5/Content/Materials/OculusMR_ChromaKey.uasset" 147
"../../../Engine/Plugins/Marketplace/MetaXR/OculusIntegration_v46_UE5/Content/Materials/OculusMR_ChromaKey.uexp" 148
"../../../Engine/Plugins/Editor/SpeedTreeImporter/Content/SpeedTree9/game_wind_noise.ubulk" 149
"../../../Engine/Plugins/Editor/SpeedTreeImporter/Content/SpeedTree9/game_wind_noise.uasset" 150
"../../../Engine/Plugins/Editor/SpeedTreeImporter/Content/SpeedTree9/game_wind_noise.uexp" 151
"../../../Engine/Plugins/Editor/SpeedTreeImporter/Content/SpeedTree9/UnpackDirection.uasset" 152
"../../../Engine/Plugins/Editor/SpeedTreeImporter/Content/SpeedTree9/UnpackDirection.uexp" 153
"../../../Engine/Content/Functions/Engine_MaterialFunctions02/ObjectLocalBounds.uasset" 154
"../../../Engine/Content/Functions/Engine_MaterialFunctions02/ObjectLocalBounds.uexp" 155
"../../../Engine/Content/Functions/Engine_MaterialFunctions02/Utility/BreakOutFloat3Components.uasset" 156
"../../../Engine/Content/Functions/Engine_MaterialFunctions02/Utility/BreakOutFloat3Components.uexp" 157
"../../../Engine/Content/Functions/Engine_MaterialFunctions02/UVs/BoundingBoxBased_0-1_UVW.uasset" 158
"../../../Engine/Content/Functions/Engine_MaterialFunctions02/UVs/BoundingBoxBased_0-1_UVW.uexp" 159
"../../../Engine/Content/Functions/Engine_MaterialFunctions02/Utility/VectorLength.uasset" 160
"../../../Engine/Content/Functions/Engine_MaterialFunctions02/Utility/VectorLength.uexp" 161
"../../../Engine/Plugins/Editor/SpeedTreeImporter/Content/SpeedTree9/UnpackInteger3.uasset" 162
"../../../Engine/Plugins/Editor/SpeedTreeImporter/Content/SpeedTree9/UnpackInteger3.uexp" 163
"../../../Engine/Plugins/Editor/SpeedTreeImporter/Content/SpeedTree9/SpeedTreeCameraFacing.uasset" 164
"../../../Engine/Plugins/Editor/SpeedTreeImporter/Content/SpeedTree9/SpeedTreeCameraFacing.uexp" 165
"../../../Engine/Content/Functions/Engine_MaterialFunctions02/WorldPositionOffset/ObjectScale.uasset" 166
"../../../Engine/Content/Functions/Engine_MaterialFunctions02/WorldPositionOffset/ObjectScale.uexp" 167
"../../../Engine/Content/Functions/Engine_MaterialFunctions02/SafeNormalize.uasset" 168
"../../../Engine/Content/Functions/Engine_MaterialFunctions02/SafeNormalize.uexp" 169
"../../../Engine/Plugins/Editor/SpeedTreeImporter/Content/SpeedTree9/SpeedTreeWindMotion.uasset" 170
"../../../Engine/Plugins/Editor/SpeedTreeImporter/Content/SpeedTree9/SpeedTreeWindMotion.uexp" 171
"../../../Engine/Plugins/Editor/SpeedTreeImporter/Content/SpeedTree9/SpeedTreeBranchMotion.uasset" 172
"../../../Engine/Plugins/Editor/SpeedTreeImporter/Content/SpeedTree9/SpeedTreeBranchMotion.uexp" 173
"../../../Engine/Plugins/Editor/SpeedTreeImporter/Content/SpeedTree9/SpeedTreeWind.uasset" 174
"../../../Engine/Plugins/Editor/SpeedTreeImporter/Content/SpeedTree9/SpeedTreeWind.uexp" 175
"../../../Engine/Plugins/Editor/SpeedTreeImporter/Content/SpeedTree9/EmptyNormal.uasset" 176
"../../../Engine/Plugins/Editor/SpeedTreeImporter/Content/SpeedTree9/EmptyNormal.uexp" 177
"../../../Engine/Plugins/Editor/SpeedTreeImporter/Content/SpeedTree9/Empty.uasset" 178
"../../../Engine/Plugins/Editor/SpeedTreeImporter/Content/SpeedTree9/Empty.uexp" 179
"../../../Engine/Plugins/Editor/SpeedTreeImporter/Content/SpeedTree9/SpeedTreeMaster.uasset" 180
"../../../Engine/Plugins/Editor/SpeedTreeImporter/Content/SpeedTree9/SpeedTreeMaster.uexp" 181
"../../../Engine/Plugins/Editor/SpeedTreeImporter/Content/SpeedTree9/SpeedTreeBillboard.uasset" 182
"../../../Engine/Plugins/Editor/SpeedTreeImporter/Content/SpeedTree9/SpeedTreeBillboard.uexp" 183
"../../../Engine/Plugins/Editor/SpeedTreeImporter/Content/SpeedTree9/SpeedTreeBillboardMaster.uasset" 184
"../../../Engine/Plugins/Editor/SpeedTreeImporter/Content/SpeedTree9/SpeedTreeBillboardMaster.uexp" 185
"../../../Engine/Content/Functions/Engine_MaterialFunctions02/WorldPositionOffset/CameraOffset.uasset" 186
"../../../Engine/Content/Functions/Engine_MaterialFunctions02/WorldPositionOffset/CameraOffset.uexp" 187
"../../../Engine/Plugins/Animation/ControlRig/Content/M_Manip.uasset" 188
"../../../Engine/Plugins/Animation/ControlRig/Content/M_Manip.uexp" 189
"../../../Engine/Plugins/Animation/ControlRig/Content/Controls/DefaultGizmoLibraryNormalized.uasset" 190
"../../../Engine/Plugins/Animation/ControlRig/Content/Controls/DefaultGizmoLibraryNormalized.uexp" 191
"../../../Engine/Plugins/Animation/ControlRig/Content/Controls/ControlRig_Wedge_solid.uasset" 192
"../../../Engine/Plugins/Animation/ControlRig/Content/Controls/ControlRig_Wedge_solid.uexp" 193
"../../../Engine/Plugins/Animation/ControlRig/Content/Controls/ControlRig_Wedge_3mm.uasset" 194
"../../../Engine/Plugins/Animation/ControlRig/Content/Controls/ControlRig_Wedge_3mm.uexp" 195
"../../../Engine/Plugins/Animation/ControlRig/Content/Controls/ControlRig_Wedge_1mm.uasset" 196
"../../../Engine/Plugins/Animation/ControlRig/Content/Controls/ControlRig_Wedge_1mm.uexp" 197
"../../../Engine/Plugins/Animation/ControlRig/Content/Controls/ControlRig_Triangle_solid.uasset" 198
"../../../Engine/Plugins/Animation/ControlRig/Content/Controls/ControlRig_Triangle_solid.uexp" 199
"../../../Engine/Plugins/Animation/ControlRig/Content/Controls/ControlRig_Triangle_3mm.uasset" 200
"../../../Engine/Plugins/Animation/ControlRig/Content/Controls/ControlRig_Triangle_3mm.uexp" 201
"../../../Engine/Plugins/Animation/ControlRig/Content/Controls/ControlRig_Triangle_1mm.uasset" 202
"../../../Engine/Plugins/Animation/ControlRig/Content/Controls/ControlRig_Triangle_1mm.uexp" 203
"../../../Engine/Plugins/Animation/ControlRig/Content/Controls/ControlRig_Star4_solid.uasset" 204
"../../../Engine/Plugins/Animation/ControlRig/Content/Controls/ControlRig_Star4_solid.uexp" 205
"../../../Engine/Plugins/Animation/ControlRig/Content/Controls/ControlRig_Star4_3mm.uasset" 206
"../../../Engine/Plugins/Animation/ControlRig/Content/Controls/ControlRig_Star4_3mm.uexp" 207
"../../../Engine/Plugins/Animation/ControlRig/Content/Controls/ControlRig_Star4_1mm.uasset" 208
"../../../Engine/Plugins/Animation/ControlRig/Content/Controls/ControlRig_Star4_1mm.uexp" 209
"../../../Engine/Plugins/Animation/ControlRig/Content/Controls/ControlRig_Square_solid.uasset" 210
"../../../Engine/Plugins/Animation/ControlRig/Content/Controls/ControlRig_Square_solid.uexp" 211
"../../../Engine/Plugins/Animation/ControlRig/Content/Controls/ControlRig_Square_3mm.uasset" 212
"../../../Engine/Plugins/Animation/ControlRig/Content/Controls/ControlRig_Square_3mm.uexp" 213
"../../../Engine/Plugins/Animation/ControlRig/Content/Controls/ControlRig_Square_1mm.uasset" 214
"../../../Engine/Plugins/Animation/ControlRig/Content/Controls/ControlRig_Square_1mm.uexp" 215
"../../../Engine/Plugins/Animation/ControlRig/Content/Controls/ControlRig_Sphere_solid.uasset" 216
"../../../Engine/Plugins/Animation/ControlRig/Content/Controls/ControlRig_Sphere_solid.uexp" 217
"../../../Engine/Plugins/Animation/ControlRig/Content/Controls/ControlRig_Sphere_3mm.uasset" 218
"../../../Engine/Plugins/Animation/ControlRig/Content/Controls/ControlRig_Sphere_3mm.uexp" 219
"../../../Engine/Plugins/Animation/ControlRig/Content/Controls/ControlRig_Sphere_1mm.uasset" 220
"../../../Engine/Plugins/Animation/ControlRig/Content/Controls/ControlRig_Sphere_1mm.uexp" 221
"../../../Engine/Plugins/Animation/ControlRig/Content/Controls/ControlRig_RoundedTriangle_solid.uasset" 222
"../../../Engine/Plugins/Animation/ControlRig/Content/Controls/ControlRig_RoundedTriangle_solid.uexp" 223
"../../../Engine/Plugins/Animation/ControlRig/Content/Controls/ControlRig_RoundedTriangle_3mm.uasset" 224
"../../../Engine/Plugins/Animation/ControlRig/Content/Controls/ControlRig_RoundedTriangle_3mm.uexp" 225
"../../../Engine/Plugins/Animation/ControlRig/Content/Controls/ControlRig_RoundedTriangle_1mm.uasset" 226
"../../../Engine/Plugins/Animation/ControlRig/Content/Controls/ControlRig_RoundedTriangle_1mm.uexp" 227
"../../../Engine/Plugins/Animation/ControlRig/Content/Controls/ControlRig_RoundedSquare_solid.uasset" 228
"../../../Engine/Plugins/Animation/ControlRig/Content/Controls/ControlRig_RoundedSquare_solid.uexp" 229
"../../../Engine/Plugins/Animation/ControlRig/Content/Controls/ControlRig_RoundedSquare_3mm.uasset" 230
"../../../Engine/Plugins/Animation/ControlRig/Content/Controls/ControlRig_RoundedSquare_3mm.uexp" 231
"../../../Engine/Plugins/Animation/ControlRig/Content/Controls/ControlRig_RoundedSquare_1mm.uasset" 232
"../../../Engine/Plugins/Animation/ControlRig/Content/Controls/ControlRig_RoundedSquare_1mm.uexp" 233
"../../../Engine/Plugins/Animation/ControlRig/Content/Controls/ControlRig_QuarterCircle_solid.uasset" 234
"../../../Engine/Plugins/Animation/ControlRig/Content/Controls/ControlRig_QuarterCircle_solid.uexp" 235
"../../../Engine/Plugins/Animation/ControlRig/Content/Controls/ControlRig_QuarterCircle_3mm.uasset" 236
"../../../Engine/Plugins/Animation/ControlRig/Content/Controls/ControlRig_QuarterCircle_3mm.uexp" 237
"../../../Engine/Plugins/Animation/ControlRig/Content/Controls/ControlRig_QuarterCircle_1mm.uasset" 238
"../../../Engine/Plugins/Animation/ControlRig/Content/Controls/ControlRig_QuarterCircle_1mm.uexp" 239
"../../../Engine/Plugins/Animation/ControlRig/Content/Controls/ControlRig_Pyramid_solid.uasset" 240
"../../../Engine/Plugins/Animation/ControlRig/Content/Controls/ControlRig_Pyramid_solid.uexp" 241
"../../../Engine/Plugins/Animation/ControlRig/Content/Controls/ControlRig_Pyramid_3mm.uasset" 242
"../../../Engine/Plugins/Animation/ControlRig/Content/Controls/ControlRig_Pyramid_3mm.uexp" 243
"../../../Engine/Plugins/Animation/ControlRig/Content/Controls/ControlRig_Pyramid_1mm.uasset" 244
"../../../Engine/Plugins/Animation/ControlRig/Content/Controls/ControlRig_Pyramid_1mm.uexp" 245
"../../../Engine/Plugins/Animation/ControlRig/Content/Controls/ControlRig_Octagon_solid.uasset" 246
"../../../Engine/Plugins/Animation/ControlRig/Content/Controls/ControlRig_Octagon_solid.uexp" 247
"../../../Engine/Plugins/Animation/ControlRig/Content/Controls/ControlRig_Octagon_3mm.uasset" 248
"../../../Engine/Plugins/Animation/ControlRig/Content/Controls/ControlRig_Octagon_3mm.uexp" 249
"../../../Engine/Plugins/Animation/ControlRig/Content/Controls/ControlRig_Octagon_1mm.uasset" 250
"../../../Engine/Plugins/Animation/ControlRig/Content/Controls/ControlRig_Octagon_1mm.uexp" 251
"../../../Engine/Plugins/Animation/ControlRig/Content/Controls/ControlRig_Hexagon_solid.uasset" 252
"../../../Engine/Plugins/Animation/ControlRig/Content/Controls/ControlRig_Hexagon_solid.uexp" 253
"../../../Engine/Plugins/Animation/ControlRig/Content/Controls/ControlRig_Hexagon_3mm.uasset" 254
"../../../Engine/Plugins/Animation/ControlRig/Content/Controls/ControlRig_Hexagon_3mm.uexp" 255
"../../../Engine/Plugins/Animation/ControlRig/Content/Controls/ControlRig_Hexagon_1mm.uasset" 256
"../../../Engine/Plugins/Animation/ControlRig/Content/Controls/ControlRig_Hexagon_1mm.uexp" 257
"../../../Engine/Plugins/Animation/ControlRig/Content/Controls/ControlRig_HalfCircle_solid.uasset" 258
"../../../Engine/Plugins/Animation/ControlRig/Content/Controls/ControlRig_HalfCircle_solid.uexp" 259
"../../../Engine/Plugins/Animation/ControlRig/Content/Controls/ControlRig_HalfCircle_3mm.uasset" 260
"../../../Engine/Plugins/Animation/ControlRig/Content/Controls/ControlRig_HalfCircle_3mm.uexp" 261
"../../../Engine/Plugins/Animation/ControlRig/Content/Controls/ControlRig_HalfCircle_1mm.uasset" 262
"../../../Engine/Plugins/Animation/ControlRig/Content/Controls/ControlRig_HalfCircle_1mm.uexp" 263
"../../../Engine/Plugins/Animation/ControlRig/Content/Controls/ControlRig_Diamond_solid.uasset" 264
"../../../Engine/Plugins/Animation/ControlRig/Content/Controls/ControlRig_Diamond_solid.uexp" 265
"../../../Engine/Plugins/Animation/ControlRig/Content/Controls/ControlRig_Diamond_3mm.uasset" 266
"../../../Engine/Plugins/Animation/ControlRig/Content/Controls/ControlRig_Diamond_3mm.uexp" 267
"../../../Engine/Plugins/Animation/ControlRig/Content/Controls/ControlRig_Diamond_1mm.uasset" 268
"../../../Engine/Plugins/Animation/ControlRig/Content/Controls/ControlRig_Diamond_1mm.uexp" 269
"../../../Engine/Plugins/Animation/ControlRig/Content/Controls/ControlRig_Circle_solid.uasset" 270
"../../../Engine/Plugins/Animation/ControlRig/Content/Controls/ControlRig_Circle_solid.uexp" 271
"../../../Engine/Plugins/Animation/ControlRig/Content/Controls/ControlRig_Circle_3mm.uasset" 272
"../../../Engine/Plugins/Animation/ControlRig/Content/Controls/ControlRig_Circle_3mm.uexp" 273
"../../../Engine/Plugins/Animation/ControlRig/Content/Controls/ControlRig_Circle_1mm.uasset" 274
"../../../Engine/Plugins/Animation/ControlRig/Content/Controls/ControlRig_Circle_1mm.uexp" 275
"../../../Engine/Plugins/Animation/ControlRig/Content/Controls/ControlRig_Box_solid.uasset" 276
"../../../Engine/Plugins/Animation/ControlRig/Content/Controls/ControlRig_Box_solid.uexp" 277
"../../../Engine/Plugins/Animation/ControlRig/Content/Controls/ControlRig_Box_3mm.uasset" 278
"../../../Engine/Plugins/Animation/ControlRig/Content/Controls/ControlRig_Box_3mm.uexp" 279
"../../../Engine/Plugins/Animation/ControlRig/Content/Controls/ControlRig_Box_1mm.uasset" 280
"../../../Engine/Plugins/Animation/ControlRig/Content/Controls/ControlRig_Box_1mm.uexp" 281
"../../../Engine/Plugins/Animation/ControlRig/Content/Controls/ControlRig_Arrow_solid.uasset" 282
"../../../Engine/Plugins/Animation/ControlRig/Content/Controls/ControlRig_Arrow_solid.uexp" 283
"../../../Engine/Plugins/Animation/ControlRig/Content/Controls/ControlRig_Arrow_3mm.uasset" 284
"../../../Engine/Plugins/Animation/ControlRig/Content/Controls/ControlRig_Arrow_3mm.uexp" 285
"../../../Engine/Plugins/Animation/ControlRig/Content/Controls/ControlRig_Arrow_1mm.uasset" 286
"../../../Engine/Plugins/Animation/ControlRig/Content/Controls/ControlRig_Arrow_1mm.uexp" 287
"../../../Engine/Plugins/Animation/ControlRig/Content/Controls/ControlRig_Arrow4_solid.uasset" 288
"../../../Engine/Plugins/Animation/ControlRig/Content/Controls/ControlRig_Arrow4_solid.uexp" 289
"../../../Engine/Plugins/Animation/ControlRig/Content/Controls/ControlRig_Arrow4_3mm.uasset" 290
"../../../Engine/Plugins/Animation/ControlRig/Content/Controls/ControlRig_Arrow4_3mm.uexp" 291
"../../../Engine/Plugins/Animation/ControlRig/Content/Controls/ControlRig_Arrow4_1mm.uasset" 292
"../../../Engine/Plugins/Animation/ControlRig/Content/Controls/ControlRig_Arrow4_1mm.uexp" 293
"../../../Engine/Plugins/Animation/ControlRig/Content/Controls/ControlRig_Arrow2_solid.uasset" 294
"../../../Engine/Plugins/Animation/ControlRig/Content/Controls/ControlRig_Arrow2_solid.uexp" 295
"../../../Engine/Plugins/Animation/ControlRig/Content/Controls/ControlRig_Arrow2_3mm.uasset" 296
"../../../Engine/Plugins/Animation/ControlRig/Content/Controls/ControlRig_Arrow2_3mm.uexp" 297
"../../../Engine/Plugins/Animation/ControlRig/Content/Controls/ControlRig_Arrow2_1mm.uasset" 298
"../../../Engine/Plugins/Animation/ControlRig/Content/Controls/ControlRig_Arrow2_1mm.uexp" 299
"../../../Engine/Plugins/Animation/ControlRig/Content/Controls/ControlRigGizmoMaterial.uasset" 300
"../../../Engine/Plugins/Animation/ControlRig/Content/Controls/ControlRigGizmoMaterial.uexp" 301
"../../../Engine/Plugins/2D/Paper2D/Content/PlaceholderTextures/DummySpriteTexture.ubulk" 302
"../../../Engine/Plugins/2D/Paper2D/Content/PlaceholderTextures/DummySpriteTexture.uasset" 303
"../../../Engine/Plugins/2D/Paper2D/Content/PlaceholderTextures/DummySpriteTexture.uexp" 304
"../../../Engine/Plugins/2D/Paper2D/Content/DefaultSpriteMaterial.uasset" 305
"../../../Engine/Plugins/2D/Paper2D/Content/DefaultSpriteMaterial.uexp" 306
"../../../Engine/Plugins/2D/Paper2D/Content/OpaqueUnlitSpriteMaterial.uasset" 307
"../../../Engine/Plugins/2D/Paper2D/Content/OpaqueUnlitSpriteMaterial.uexp" 308
"../../../Engine/Plugins/2D/Paper2D/Content/MaskedUnlitSpriteMaterial.uasset" 309
"../../../Engine/Plugins/2D/Paper2D/Content/MaskedUnlitSpriteMaterial.uexp" 310
"../../../Engine/Plugins/2D/Paper2D/Content/DummySprite.uasset" 311
"../../../Engine/Plugins/2D/Paper2D/Content/DummySprite.uexp" 312
"../../../Engine/Plugins/2D/Paper2D/Content/DefaultPaperTerrainMaterial.uasset" 313
"../../../Engine/Plugins/2D/Paper2D/Content/DefaultPaperTerrainMaterial.uexp" 314
"../../../Engine/Content/VREditor/TransformGizmo/Main.uasset" 315
"../../../Engine/Content/VREditor/TransformGizmo/Main.uexp" 316
"../../../Engine/Content/VREditor/TransformGizmo/Xray.uasset" 317
"../../../Engine/Content/VREditor/TransformGizmo/Xray.uexp" 318
"../../../Engine/Content/VREditor/TransformGizmo/SM_Sequencer_Node.uasset" 319
"../../../Engine/Content/VREditor/TransformGizmo/SM_Sequencer_Node.uexp" 320
"../../../Engine/Content/VREditor/LaserPointer/VR_LaserPower_01.ubulk" 321
"../../../Engine/Content/VREditor/LaserPointer/VR_LaserPower_01.uasset" 322
"../../../Engine/Content/VREditor/LaserPointer/VR_LaserPower_01.uexp" 323
"../../../Engine/Content/VREditor/TransformGizmo/TransformGizmoMaterial.uasset" 324
"../../../Engine/Content/VREditor/TransformGizmo/TransformGizmoMaterial.uexp" 325
"../../../Engine/Content/VREditor/TransformGizmo/TranslucentTransformGizmoMaterial.uasset" 326
"../../../Engine/Content/VREditor/TransformGizmo/TranslucentTransformGizmoMaterial.uexp" 327
"../../../Engine/Content/VREditor/TransformGizmo/PlaneTranslationHandle.uasset" 328
"../../../Engine/Content/VREditor/TransformGizmo/PlaneTranslationHandle.uexp" 329
"../../../Engine/Content/VREditor/TransformGizmo/BoundingBoxEdge.uasset" 330
"../../../Engine/Content/VREditor/TransformGizmo/BoundingBoxEdge.uexp" 331
"../../../Engine/Content/VREditor/TransformGizmo/BoundingBoxCorner.uasset" 332
"../../../Engine/Content/VREditor/TransformGizmo/BoundingBoxCorner.uexp" 333
"../../../Engine/Content/Tutorial/ContentIntroCurve.uasset" 334
"../../../Engine/Content/Tutorial/ContentIntroCurve.uexp" 335
"../../../Engine/Content/Functions/Engine_MaterialFunctions01/Shading/PowerToRoughness.uasset" 336
"../../../Engine/Content/Functions/Engine_MaterialFunctions01/Shading/PowerToRoughness.uexp" 337
"../../../Engine/Content/Functions/Engine_MaterialFunctions01/Shading/ConvertFromDiffSpec.uasset" 338
"../../../Engine/Content/Functions/Engine_MaterialFunctions01/Shading/ConvertFromDiffSpec.uexp" 339
"../../../Engine/Content/EngineSounds/Master.uasset" 340
"../../../Engine/Content/EngineSounds/Master.uexp" 341
"../../../Engine/Content/EngineSky/VolumetricClouds/CloudWeatherTexture.uasset" 342
"../../../Engine/Content/EngineSky/VolumetricClouds/CloudWeatherTexture.uexp" 343
"../../../Engine/Content/EngineSky/VolumetricClouds/CloudGradientTexture.uasset" 344
"../../../Engine/Content/EngineSky/VolumetricClouds/CloudGradientTexture.uexp" 345
"../../../Engine/Content/EngineSky/VolumetricClouds/T_NoiseShape64.ubulk" 346
"../../../Engine/Content/EngineSky/VolumetricClouds/T_NoiseShape64.uasset" 347
"../../../Engine/Content/EngineSky/VolumetricClouds/T_NoiseShape64.uexp" 348
"../../../Engine/Content/EngineSky/VolumetricClouds/T_VolumeNoiseShape64.uasset" 349
"../../../Engine/Content/EngineSky/VolumetricClouds/T_VolumeNoiseShape64.uexp" 350
"../../../Engine/Content/EngineSky/VolumetricClouds/T_NoiseErosion.ubulk" 351
"../../../Engine/Content/EngineSky/VolumetricClouds/T_NoiseErosion.uasset" 352
"../../../Engine/Content/EngineSky/VolumetricClouds/T_NoiseErosion.uexp" 353
"../../../Engine/Content/EngineSky/VolumetricClouds/T_VolumeNoiseErosion32.uasset" 354
"../../../Engine/Content/EngineSky/VolumetricClouds/T_VolumeNoiseErosion32.uexp" 355
"../../../Engine/Content/EngineSky/VolumetricClouds/m_SimpleVolumetricCloud.uasset" 356
"../../../Engine/Content/EngineSky/VolumetricClouds/m_SimpleVolumetricCloud.uexp" 357
"../../../Engine/Content/EngineSky/VolumetricClouds/m_SimpleVolumetricCloud_Inst.uasset" 358
"../../../Engine/Content/EngineSky/VolumetricClouds/m_SimpleVolumetricCloud_Inst.uexp" 359
"../../../Engine/Content/EngineResources/GradientTexture0.uasset" 360
"../../../Engine/Content/EngineResources/GradientTexture0.uexp" 361
"../../../Engine/Content/EngineResources/DefaultVolumeTexture2D.uasset" 362
"../../../Engine/Content/EngineResources/DefaultVolumeTexture2D.uexp" 363
"../../../Engine/Content/EngineResources/DefaultVolumeTexture.uasset" 364
"../../../Engine/Content/EngineResources/DefaultVolumeTexture.uexp" 365
"../../../Engine/Content/EngineResources/DefaultTextureCube.uasset" 366
"../../../Engine/Content/EngineResources/DefaultTextureCube.uexp" 367
"../../../Engine/Content/EngineResources/DefaultTexture.ubulk" 368
"../../../Engine/Content/EngineResources/DefaultTexture.uasset" 369
"../../../Engine/Content/EngineResources/DefaultTexture.uexp" 370
"../../../Engine/Content/EngineResources/FilmGrains/Marcie_Grain_v3_128_M2_000.uasset" 371
"../../../Engine/Content/EngineResources/FilmGrains/Marcie_Grain_v3_128_M2_000.uexp" 372
"../../../Engine/Content/EngineMeshes/Sphere.uasset" 373
"../../../Engine/Content/EngineMeshes/Sphere.uexp" 374
"../../../Engine/Content/EngineMaterials/Widget3DPassThrough.uasset" 375
"../../../Engine/Content/EngineMaterials/Widget3DPassThrough.uexp" 376
"../../../Engine/Content/EngineMaterials/Widget3DPassThrough_Translucent.uasset" 377
"../../../Engine/Content/EngineMaterials/Widget3DPassThrough_Translucent.uexp" 378
"../../../Engine/Content/EngineMaterials/Widget3DPassThrough_Translucent_OneSided.uasset" 379
"../../../Engine/Content/EngineMaterials/Widget3DPassThrough_Translucent_OneSided.uexp" 380
"../../../Engine/Content/EngineMaterials/Widget3DPassThrough_Opaque.uasset" 381
"../../../Engine/Content/EngineMaterials/Widget3DPassThrough_Opaque.uexp" 382
"../../../Engine/Content/EngineMaterials/Widget3DPassThrough_Opaque_OneSided.uasset" 383
"../../../Engine/Content/EngineMaterials/Widget3DPassThrough_Opaque_OneSided.uexp" 384
"../../../Engine/Content/EngineMaterials/Widget3DPassThrough_Masked_OneSided.uasset" 385
"../../../Engine/Content/EngineMaterials/Widget3DPassThrough_Masked_OneSided.uexp" 386
"../../../Engine/Content/EngineMaterials/Widget3DPassThrough_Masked.uasset" 387
"../../../Engine/Content/EngineMaterials/Widget3DPassThrough_Masked.uexp" 388
"../../../Engine/Content/EngineMaterials/WeightMapPlaceholderTexture.uasset" 389
"../../../Engine/Content/EngineMaterials/WeightMapPlaceholderTexture.uexp" 390
"../../../Engine/Content/EngineMaterials/RemoveSurfaceMaterial.uasset" 391
"../../../Engine/Content/EngineMaterials/RemoveSurfaceMaterial.uexp" 392
"../../../Engine/Content/EngineMaterials/PreintegratedSkinBRDF.uasset" 393
"../../../Engine/Content/EngineMaterials/PreintegratedSkinBRDF.uexp" 394
"../../../Engine/Content/EngineMaterials/DefaultCalibrationGrayscale.uasset" 395
"../../../Engine/Content/EngineMaterials/DefaultCalibrationGrayscale.uexp" 396
"../../../Engine/Content/EngineMaterials/PPM_DefaultCalibrationGrayscale.uasset" 397
"../../../Engine/Content/EngineMaterials/PPM_DefaultCalibrationGrayscale.uexp" 398
"../../../Engine/Content/EngineMaterials/DefaultCalibrationColor.uasset" 399
"../../../Engine/Content/EngineMaterials/DefaultCalibrationColor.uexp" 400
"../../../Engine/Content/EngineMaterials/PPM_DefaultCalibrationColor.uasset" 401
"../../../Engine/Content/EngineMaterials/PPM_DefaultCalibrationColor.uexp" 402
"../../../Engine/Content/EngineMaterials/PhAT_JointLimitMaterial.uasset" 403
"../../../Engine/Content/EngineMaterials/PhAT_JointLimitMaterial.uexp" 404
"../../../Engine/Content/EngineMaterials/InvalidLightmapSettings.ubulk" 405
"../../../Engine/Content/EngineMaterials/InvalidLightmapSettings.uasset" 406
"../../../Engine/Content/EngineMaterials/InvalidLightmapSettings.uexp" 407
"../../../Engine/Content/EngineMaterials/M_InvalidLightmapSettings.uasset" 408
"../../../Engine/Content/EngineMaterials/M_InvalidLightmapSettings.uexp" 409
"../../../Engine/Content/EngineMaterials/MiniFont.uasset" 410
"../../../Engine/Content/EngineMaterials/MiniFont.uexp" 411
"../../../Engine/Content/EngineMaterials/GizmoMaterial.uasset" 412
"../../../Engine/Content/EngineMaterials/GizmoMaterial.uexp" 413
"../../../Engine/Content/EngineMaterials/BaseFlattenEmissiveMap_VT.uasset" 414
"../../../Engine/Content/EngineMaterials/BaseFlattenEmissiveMap_VT.uexp" 415
"../../../Engine/Content/EngineMaterials/BaseFlattenGrayscaleMap_VT.uasset" 416
"../../../Engine/Content/EngineMaterials/BaseFlattenGrayscaleMap_VT.uexp" 417
"../../../Engine/Content/EngineMaterials/BaseFlattenLinearColor_VT.uasset" 418
"../../../Engine/Content/EngineMaterials/BaseFlattenLinearColor_VT.uexp" 419
"../../../Engine/Content/EngineMaterials/Black_1x1_EXR_Texture_VT.uasset" 420
"../../../Engine/Content/EngineMaterials/Black_1x1_EXR_Texture_VT.uexp" 421
"../../../Engine/Content/EngineMaterials/BaseFlattenDiffuseMap_VT.uasset" 422
"../../../Engine/Content/EngineMaterials/BaseFlattenDiffuseMap_VT.uexp" 423
"../../../Engine/Content/EngineMaterials/BaseFlattenNormalMap_VT.uasset" 424
"../../../Engine/Content/EngineMaterials/BaseFlattenNormalMap_VT.uexp" 425
"../../../Engine/Content/EngineMaterials/FlattenMaterial_WS_Normal_VT.uasset" 426
"../../../Engine/Content/EngineMaterials/FlattenMaterial_WS_Normal_VT.uexp" 427
"../../../Engine/Content/EngineMaterials/FlattenMaterial_VT.uasset" 428
"../../../Engine/Content/EngineMaterials/FlattenMaterial_VT.uexp" 429
"../../../Engine/Content/EngineMaterials/BaseFlattenGrayscaleMap.uasset" 430
"../../../Engine/Content/EngineMaterials/BaseFlattenGrayscaleMap.uexp" 431
"../../../Engine/Content/EngineMaterials/BaseFlattenDiffuseMap.uasset" 432
"../../../Engine/Content/EngineMaterials/BaseFlattenDiffuseMap.uexp" 433
"../../../Engine/Content/Functions/Engine_MaterialFunctions02/PivotPainter2/Black_1x1_EXR_Texture.uasset" 434
"../../../Engine/Content/Functions/Engine_MaterialFunctions02/PivotPainter2/Black_1x1_EXR_Texture.uexp" 435
"../../../Engine/Content/EngineMaterials/BaseFlattenEmissiveMap.uasset" 436
"../../../Engine/Content/EngineMaterials/BaseFlattenEmissiveMap.uexp" 437
"../../../Engine/Content/EngineMaterials/BaseFlattenLinearColor.uasset" 438
"../../../Engine/Content/EngineMaterials/BaseFlattenLinearColor.uexp" 439
"../../../Engine/Content/EngineMaterials/FlattenMaterial.uasset" 440
"../../../Engine/Content/EngineMaterials/FlattenMaterial.uexp" 441
"../../../Engine/Content/EngineMaterials/DefaultWhiteGrid_Low.uasset" 442
"../../../Engine/Content/EngineMaterials/DefaultWhiteGrid_Low.uexp" 443
"../../../Engine/Content/EngineMaterials/EmissiveMeshMaterial.uasset" 444
"../../../Engine/Content/EngineMaterials/EmissiveMeshMaterial.uexp" 445
"../../../Engine/Content/EngineMaterials/DefaultWhiteGrid.ubulk" 446
"../../../Engine/Content/EngineMaterials/DefaultWhiteGrid.uasset" 447
"../../../Engine/Content/EngineMaterials/DefaultWhiteGrid.uexp" 448
"../../../Engine/Content/EngineFonts/RobotoDistanceField.uasset" 449
"../../../Engine/Content/EngineFonts/RobotoDistanceField.uexp" 450
"../../../Engine/Content/EngineMaterials/DefaultTextMaterialOpaque.uasset" 451
"../../../Engine/Content/EngineMaterials/DefaultTextMaterialOpaque.uexp" 452
"../../../Engine/Content/EngineMaterials/DefaultDiffuse.ubulk" 453
"../../../Engine/Content/EngineMaterials/DefaultDiffuse.uasset" 454
"../../../Engine/Content/EngineMaterials/DefaultDiffuse.uexp" 455
"../../../Engine/Content/Functions/Engine_MaterialFunctions02/Utility/BreakOutFloat2Components.uasset" 456
"../../../Engine/Content/Functions/Engine_MaterialFunctions02/Utility/BreakOutFloat2Components.uexp" 457
"../../../Engine/Content/EngineMaterials/DefaultPostProcessMaterial.uasset" 458
"../../../Engine/Content/EngineMaterials/DefaultPostProcessMaterial.uexp" 459
"../../../Engine/Content/EngineMaterials/DefaultLightFunctionMaterial.uasset" 460
"../../../Engine/Content/EngineMaterials/DefaultLightFunctionMaterial.uexp" 461
"../../../Engine/Content/EngineMaterials/DefaultDestructiblePhysicalMaterial.uasset" 462
"../../../Engine/Content/EngineMaterials/DefaultDestructiblePhysicalMaterial.uexp" 463
"../../../Engine/Content/EngineMaterials/DefaultDeferredDecalMaterial.uasset" 464
"../../../Engine/Content/EngineMaterials/DefaultDeferredDecalMaterial.uexp" 465
"../../../Engine/Content/EngineMaterials/DefaultBokeh.uasset" 466
"../../../Engine/Content/EngineMaterials/DefaultBokeh.uexp" 467
"../../../Engine/Content/EngineMaterials/DefaultBloomKernel.uasset" 468
"../../../Engine/Content/EngineMaterials/DefaultBloomKernel.uexp" 469
"../../../Engine/Content/EngineMaterials/BlueNoise.uasset" 470
"../../../Engine/Content/EngineMaterials/BlueNoise.uexp" 471
"../../../Engine/Content/EngineFonts/Faces/RobotoLight.uexp" 472
"../../../Engine/Content/EngineFonts/Faces/RobotoLight.uasset" 473
"../../../Engine/Content/EngineFonts/Faces/RobotoLight.ufont" 474
"../../../Engine/Content/EngineFonts/Faces/RobotoBold.uexp" 475
"../../../Engine/Content/EngineFonts/Faces/RobotoBold.uasset" 476
"../../../Engine/Content/EngineFonts/Faces/RobotoBold.ufont" 477
"../../../Engine/Content/EngineFonts/Faces/RobotoRegular.uexp" 478
"../../../Engine/Content/EngineFonts/Faces/RobotoRegular.uasset" 479
"../../../Engine/Content/EngineFonts/Faces/RobotoRegular.ufont" 480
"../../../Engine/Content/EngineFonts/Faces/DroidSansFallback.uexp" 481
"../../../Engine/Content/EngineFonts/Faces/DroidSansFallback.uasset" 482
"../../../Engine/Content/EngineFonts/Faces/DroidSansFallback.ufont" 483
"../../../Engine/Content/EngineFonts/Faces/RobotoItalic.uexp" 484
"../../../Engine/Content/EngineFonts/Faces/RobotoItalic.uasset" 485
"../../../Engine/Content/EngineFonts/Faces/RobotoItalic.ufont" 486
"../../../Engine/Content/EngineFonts/Faces/RobotoBoldItalic.uexp" 487
"../../../Engine/Content/EngineFonts/Faces/RobotoBoldItalic.uasset" 488
"../../../Engine/Content/EngineFonts/Faces/RobotoBoldItalic.ufont" 489
"../../../Engine/Content/EngineFonts/Roboto.uasset" 490
"../../../Engine/Content/EngineFonts/Roboto.uexp" 491
"../../../Engine/Content/Functions/Engine_MaterialFunctions02/Utility/CameraDirectionVector.uasset" 492
"../../../Engine/Content/Functions/Engine_MaterialFunctions02/Utility/CameraDirectionVector.uexp" 493
"../../../Engine/Content/EngineDebugMaterials/VolumeToRender.uasset" 494
"../../../Engine/Content/EngineDebugMaterials/VolumeToRender.uexp" 495
"../../../Engine/Content/EngineDebugMaterials/M_VolumeRenderSphereTracePP.uasset" 496
"../../../Engine/Content/EngineDebugMaterials/M_VolumeRenderSphereTracePP.uexp" 497
"../../../Engine/Content/EngineDebugMaterials/M_SimpleUnlitTranslucent.uasset" 498
"../../../Engine/Content/EngineDebugMaterials/M_SimpleUnlitTranslucent.uexp" 499
"../../../Engine/Content/EngineDebugMaterials/DebugMeshMaterial.uasset" 500
"../../../Engine/Content/EngineDebugMaterials/DebugMeshMaterial.uexp" 501
"../../../Engine/Content/EngineDebugMaterials/DebugEditorMaterial.uasset" 502
"../../../Engine/Content/EngineDebugMaterials/DebugEditorMaterial.uexp" 503
"../../../Engine/Content/EngineDamageTypes/DmgTypeBP_Environmental.uasset" 504
"../../../Engine/Content/EngineDamageTypes/DmgTypeBP_Environmental.uexp" 505
"../../../Engine/Content/EditorResources/S_TriggerSphere.uasset" 506
"../../../Engine/Content/EditorResources/S_TriggerSphere.uexp" 507
"../../../Engine/Content/EditorResources/S_TriggerCapsule.uasset" 508
"../../../Engine/Content/EditorResources/S_TriggerCapsule.uexp" 509
"../../../Engine/Content/EditorResources/S_TriggerBox.uasset" 510
"../../../Engine/Content/EditorResources/S_TriggerBox.uexp" 511
"../../../Engine/Content/EditorResources/S_Trigger.ubulk" 512
"../../../Engine/Content/EditorResources/S_Trigger.uasset" 513
"../../../Engine/Content/EditorResources/S_Trigger.uexp" 514
"../../../Engine/Content/EditorResources/S_Terrain.ubulk" 515
"../../../Engine/Content/EditorResources/S_Terrain.uasset" 516
"../../../Engine/Content/EditorResources/S_Terrain.uexp" 517
"../../../Engine/Content/EditorResources/S_Solver.ubulk" 518
"../../../Engine/Content/EditorResources/S_Solver.uasset" 519
"../../../Engine/Content/EditorResources/S_Solver.uexp" 520
"../../../Engine/Content/EditorResources/S_BoxReflectionCapture.uasset" 521
"../../../Engine/Content/EditorResources/S_BoxReflectionCapture.uexp" 522
"../../../Engine/Content/EditorResources/S_Actor.ubulk" 523
"../../../Engine/Content/EditorResources/S_Actor.uasset" 524
"../../../Engine/Content/EditorResources/S_Actor.uexp" 525
"../../../Engine/Content/EditorResources/EmptyActor.uasset" 526
"../../../Engine/Content/EditorResources/EmptyActor.uexp" 527
"../../../Engine/Content/EditorResources/BSPVertex.uasset" 528
"../../../Engine/Content/EditorResources/BSPVertex.uexp" 529
"../../../Engine/Content/EditorResources/SequenceRecorder/RecordingIndicator.uasset" 530
"../../../Engine/Content/EditorResources/SequenceRecorder/RecordingIndicator.uexp" 531
"../../../Engine/Content/EditorResources/SequenceRecorder/Countdown.uasset" 532
"../../../Engine/Content/EditorResources/SequenceRecorder/Countdown.uexp" 533
"../../../Engine/Content/EditorMaterials/Camera/CineMat.uasset" 534
"../../../Engine/Content/EditorMaterials/Camera/CineMat.uexp" 535
"../../../Engine/Content/EditorMaterials/Camera/MI_CineMat_Rig.uasset" 536
"../../../Engine/Content/EditorMaterials/Camera/MI_CineMat_Rig.uexp" 537
"../../../Engine/Content/EditorMeshes/Camera/SM_RailRig_Track.uasset" 538
"../../../Engine/Content/EditorMeshes/Camera/SM_RailRig_Track.uexp" 539
"../../../Engine/Content/EditorMeshes/Camera/SM_RailRig_Mount.uasset" 540
"../../../Engine/Content/EditorMeshes/Camera/SM_RailRig_Mount.uexp" 541
"../../../Engine/Content/EditorMeshes/Camera/SM_CraneRig_Mount.uasset" 542
"../../../Engine/Content/EditorMeshes/Camera/SM_CraneRig_Mount.uexp" 543
"../../../Engine/Content/EditorMeshes/Camera/SM_CraneRig_Body.uasset" 544
"../../../Engine/Content/EditorMeshes/Camera/SM_CraneRig_Body.uexp" 545
"../../../Engine/Content/EditorMeshes/Camera/SM_CraneRig_Base.uasset" 546
"../../../Engine/Content/EditorMeshes/Camera/SM_CraneRig_Base.uexp" 547
"../../../Engine/Content/EditorMeshes/Camera/SM_CraneRig_Arm.uasset" 548
"../../../Engine/Content/EditorMeshes/Camera/SM_CraneRig_Arm.uexp" 549
"../../../Engine/Content/EditorMaterials/PreviewShadowIndicator.ubulk" 550
"../../../Engine/Content/EditorMaterials/PreviewShadowIndicator.uasset" 551
"../../../Engine/Content/EditorMaterials/PreviewShadowIndicator.uexp" 552
"../../../Engine/Content/EditorMaterials/PreviewShadowIndicatorMaterial.uasset" 553
"../../../Engine/Content/EditorMaterials/PreviewShadowIndicatorMaterial.uexp" 554
"../../../Engine/Content/EditorMaterials/MAT_Groups_Visibility.uasset" 555
"../../../Engine/Content/EditorMaterials/MAT_Groups_Visibility.uexp" 556
"../../../Engine/Content/EditorMaterials/MAT_Groups_Toggle.uasset" 557
"../../../Engine/Content/EditorMaterials/MAT_Groups_Toggle.uexp" 558
"../../../Engine/Content/Functions/Engine_MaterialFunctions02/Utility/MakeFloat4.uasset" 559
"../../../Engine/Content/Functions/Engine_MaterialFunctions02/Utility/MakeFloat4.uexp" 560
"../../../Engine/Content/EditorMaterials/WorldPartition/WorldPartitionSpatialHashGridPreviewMaterial.uasset" 561
"../../../Engine/Content/EditorMaterials/WorldPartition/WorldPartitionSpatialHashGridPreviewMaterial.uexp" 562
"../../../Engine/Content/EditorMaterials/ParticleSystems/PSysThumbnail_OOD.ubulk" 563
"../../../Engine/Content/EditorMaterials/ParticleSystems/PSysThumbnail_OOD.uasset" 564
"../../../Engine/Content/EditorMaterials/ParticleSystems/PSysThumbnail_OOD.uexp" 565
"../../../Engine/Content/EditorMaterials/ParticleSystems/PSysThumbnail_NoImage.ubulk" 566
"../../../Engine/Content/EditorMaterials/ParticleSystems/PSysThumbnail_NoImage.uasset" 567
"../../../Engine/Content/EditorMaterials/ParticleSystems/PSysThumbnail_NoImage.uexp" 568
"../../../Engine/Content/EditorMaterials/MatineeGroups/MAT_Groups_Vector.uasset" 569
"../../../Engine/Content/EditorMaterials/MatineeGroups/MAT_Groups_Vector.uexp" 570
"../../../Engine/Content/EditorMaterials/MatineeGroups/MAT_Groups_Sound.uasset" 571
"../../../Engine/Content/EditorMaterials/MatineeGroups/MAT_Groups_Sound.uexp" 572
"../../../Engine/Content/EditorMaterials/MatineeGroups/MAT_Groups_Slomo.uasset" 573
"../../../Engine/Content/EditorMaterials/MatineeGroups/MAT_Groups_Slomo.uexp" 574
"../../../Engine/Content/EditorMaterials/MatineeGroups/MAT_Groups_Move.uasset" 575
"../../../Engine/Content/EditorMaterials/MatineeGroups/MAT_Groups_Move.uexp" 576
"../../../Engine/Content/EditorMaterials/MatineeGroups/MAT_Groups_Float.uasset" 577
"../../../Engine/Content/EditorMaterials/MatineeGroups/MAT_Groups_Float.uexp" 578
"../../../Engine/Content/EditorMaterials/MatineeGroups/MAT_Groups_Fade.uasset" 579
"../../../Engine/Content/EditorMaterials/MatineeGroups/MAT_Groups_Fade.uexp" 580
"../../../Engine/Content/EditorMaterials/MatineeGroups/MAT_Groups_Event.uasset" 581
"../../../Engine/Content/EditorMaterials/MatineeGroups/MAT_Groups_Event.uexp" 582
"../../../Engine/Content/EditorMaterials/MatineeGroups/MAT_Groups_Director.uasset" 583
"../../../Engine/Content/EditorMaterials/MatineeGroups/MAT_Groups_Director.uexp" 584
"../../../Engine/Content/EditorMaterials/MatineeGroups/MAT_Groups_AudioMaster.uasset" 585
"../../../Engine/Content/EditorMaterials/MatineeGroups/MAT_Groups_AudioMaster.uexp" 586
"../../../Engine/Content/EditorMaterials/MatineeGroups/MAT_Groups_Anim.uasset" 587
"../../../Engine/Content/EditorMaterials/MatineeGroups/MAT_Groups_Anim.uexp" 588
"../../../Engine/Content/EditorMaterials/MatineeGroups/MAT_ColorTrack.uasset" 589
"../../../Engine/Content/EditorMaterials/MatineeGroups/MAT_ColorTrack.uexp" 590
"../../../Engine/Content/EditorLandscapeResources/DefaultAlphaTexture.uasset" 591
"../../../Engine/Content/EditorLandscapeResources/DefaultAlphaTexture.uexp" 592
"../../../Engine/Content/EditorLandscapeResources/DataLayer.uasset" 593
"../../../Engine/Content/EditorLandscapeResources/DataLayer.uexp" 594
"C:/Users/Edde/Documents/GitHub/VRGameSTEAM/Content/AssetsvilleTown/Textures/Tiled/T_planks_01.ubulk" 595
"C:/Users/Edde/Documents/GitHub/VRGameSTEAM/Content/AssetsvilleTown/Textures/Tiled/T_planks_01.uasset" 596
"C:/Users/Edde/Documents/GitHub/VRGameSTEAM/Content/AssetsvilleTown/Textures/Tiled/T_planks_01.uexp" 597
"C:/Users/Edde/Documents/GitHub/VRGameSTEAM/Content/AssetsvilleTown/Materials/MasterMaterials/M_BaseTexture.uasset" 598
"C:/Users/Edde/Documents/GitHub/VRGameSTEAM/Content/AssetsvilleTown/Materials/MasterMaterials/M_BaseTexture.uexp" 599
"C:/Users/Edde/Documents/GitHub/VRGameSTEAM/Content/AssetsvilleTown/Materials/MI_Planks_01.uasset" 600
"C:/Users/Edde/Documents/GitHub/VRGameSTEAM/Content/AssetsvilleTown/Materials/MI_Planks_01.uexp" 601
"C:/Users/Edde/Documents/GitHub/VRGameSTEAM/Content/AssetsvilleTown/Textures/Tiled/T_tiles_09.ubulk" 602
"C:/Users/Edde/Documents/GitHub/VRGameSTEAM/Content/AssetsvilleTown/Textures/Tiled/T_tiles_09.uasset" 603
"C:/Users/Edde/Documents/GitHub/VRGameSTEAM/Content/AssetsvilleTown/Textures/Tiled/T_tiles_09.uexp" 604
"C:/Users/Edde/Documents/GitHub/VRGameSTEAM/Content/AssetsvilleTown/Materials/MI_Tiles_09.uasset" 605
"C:/Users/Edde/Documents/GitHub/VRGameSTEAM/Content/AssetsvilleTown/Materials/MI_Tiles_09.uexp" 606
"C:/Users/Edde/Documents/GitHub/VRGameSTEAM/Content/AssetsvilleTown/Textures/Tiled/T_panels_03.ubulk" 607
"C:/Users/Edde/Documents/GitHub/VRGameSTEAM/Content/AssetsvilleTown/Textures/Tiled/T_panels_03.uasset" 608
"C:/Users/Edde/Documents/GitHub/VRGameSTEAM/Content/AssetsvilleTown/Textures/Tiled/T_panels_03.uexp" 609
"C:/Users/Edde/Documents/GitHub/VRGameSTEAM/Content/AssetsvilleTown/Materials/MI_Panels_03.uasset" 610
"C:/Users/Edde/Documents/GitHub/VRGameSTEAM/Content/AssetsvilleTown/Materials/MI_Panels_03.uexp" 611
"C:/Users/Edde/Documents/GitHub/VRGameSTEAM/Content/AssetsvilleTown/Textures/Tiled/T_panels_01_brown.ubulk" 612
"C:/Users/Edde/Documents/GitHub/VRGameSTEAM/Content/AssetsvilleTown/Textures/Tiled/T_panels_01_brown.uasset" 613
"C:/Users/Edde/Documents/GitHub/VRGameSTEAM/Content/AssetsvilleTown/Textures/Tiled/T_panels_01_brown.uexp" 614
"C:/Users/Edde/Documents/GitHub/VRGameSTEAM/Content/AssetsvilleTown/Materials/MI_Panels_01_brown.uasset" 615
"C:/Users/Edde/Documents/GitHub/VRGameSTEAM/Content/AssetsvilleTown/Materials/MI_Panels_01_brown.uexp" 616
"C:/Users/Edde/Documents/GitHub/VRGameSTEAM/Content/AssetsvilleTown/Textures/Tiled/T_tiles_01.ubulk" 617
"C:/Users/Edde/Documents/GitHub/VRGameSTEAM/Content/AssetsvilleTown/Textures/Tiled/T_tiles_01.uasset" 618
"C:/Users/Edde/Documents/GitHub/VRGameSTEAM/Content/AssetsvilleTown/Textures/Tiled/T_tiles_01.uexp" 619
"C:/Users/Edde/Documents/GitHub/VRGameSTEAM/Content/AssetsvilleTown/Materials/MI_Tiles_01.uasset" 620
"C:/Users/Edde/Documents/GitHub/VRGameSTEAM/Content/AssetsvilleTown/Materials/MI_Tiles_01.uexp" 621
"C:/Users/Edde/Documents/GitHub/VRGameSTEAM/Content/AssetsvilleTown/Textures/Tiled/T_panels_01_wood_light.ubulk" 622
"C:/Users/Edde/Documents/GitHub/VRGameSTEAM/Content/AssetsvilleTown/Textures/Tiled/T_panels_01_wood_light.uasset" 623
"C:/Users/Edde/Documents/GitHub/VRGameSTEAM/Content/AssetsvilleTown/Textures/Tiled/T_panels_01_wood_light.uexp" 624
"C:/Users/Edde/Documents/GitHub/VRGameSTEAM/Content/AssetsvilleTown/Materials/MI_panels_01_wood_light.uasset" 625
"C:/Users/Edde/Documents/GitHub/VRGameSTEAM/Content/AssetsvilleTown/Materials/MI_panels_01_wood_light.uexp" 626
"C:/Users/Edde/Documents/GitHub/VRGameSTEAM/Content/AssetsvilleTown/Materials/MasterMaterials/M_BaseColor.uasset" 627
"C:/Users/Edde/Documents/GitHub/VRGameSTEAM/Content/AssetsvilleTown/Materials/MasterMaterials/M_BaseColor.uexp" 628
"C:/Users/Edde/Documents/GitHub/VRGameSTEAM/Content/AssetsvilleTown/Materials/MI_matteDarkBrown.uasset" 629
"C:/Users/Edde/Documents/GitHub/VRGameSTEAM/Content/AssetsvilleTown/Materials/MI_matteDarkBrown.uexp" 630
"C:/Users/Edde/Documents/GitHub/VRGameSTEAM/Content/AssetsvilleTown/Materials/MI_matteDarkGrey.uasset" 631
"C:/Users/Edde/Documents/GitHub/VRGameSTEAM/Content/AssetsvilleTown/Materials/MI_matteDarkGrey.uexp" 632
"C:/Users/Edde/Documents/GitHub/VRGameSTEAM/Content/AssetsvilleTown/Materials/MasterMaterials/M_Glass.uasset" 633
"C:/Users/Edde/Documents/GitHub/VRGameSTEAM/Content/AssetsvilleTown/Materials/MasterMaterials/M_Glass.uexp" 634
"C:/Users/Edde/Documents/GitHub/VRGameSTEAM/Content/AssetsvilleTown/Materials/MI_GlassBasic.uasset" 635
"C:/Users/Edde/Documents/GitHub/VRGameSTEAM/Content/AssetsvilleTown/Materials/MI_GlassBasic.uexp" 636
"C:/Users/Edde/Documents/GitHub/VRGameSTEAM/Content/AssetsvilleTown/Textures/Tiled/T_wallpaper_11.ubulk" 637
"C:/Users/Edde/Documents/GitHub/VRGameSTEAM/Content/AssetsvilleTown/Textures/Tiled/T_wallpaper_11.uasset" 638
"C:/Users/Edde/Documents/GitHub/VRGameSTEAM/Content/AssetsvilleTown/Textures/Tiled/T_wallpaper_11.uexp" 639
"C:/Users/Edde/Documents/GitHub/VRGameSTEAM/Content/AssetsvilleTown/Materials/MI_Wallpaper_11.uasset" 640
"C:/Users/Edde/Documents/GitHub/VRGameSTEAM/Content/AssetsvilleTown/Materials/MI_Wallpaper_11.uexp" 641
"C:/Users/Edde/Documents/GitHub/VRGameSTEAM/Content/AssetsvilleTown/Textures/Tiled/T_wallpaper_16.ubulk" 642
"C:/Users/Edde/Documents/GitHub/VRGameSTEAM/Content/AssetsvilleTown/Textures/Tiled/T_wallpaper_16.uasset" 643
"C:/Users/Edde/Documents/GitHub/VRGameSTEAM/Content/AssetsvilleTown/Textures/Tiled/T_wallpaper_16.uexp" 644
"C:/Users/Edde/Documents/GitHub/VRGameSTEAM/Content/AssetsvilleTown/Materials/MI_Wallpaper_16.uasset" 645
"C:/Users/Edde/Documents/GitHub/VRGameSTEAM/Content/AssetsvilleTown/Materials/MI_Wallpaper_16.uexp" 646
"C:/Users/Edde/Documents/GitHub/VRGameSTEAM/Content/AssetsvilleTown/Textures/Tiled/T_planks_03.ubulk" 647
"C:/Users/Edde/Documents/GitHub/VRGameSTEAM/Content/AssetsvilleTown/Textures/Tiled/T_planks_03.uasset" 648
"C:/Users/Edde/Documents/GitHub/VRGameSTEAM/Content/AssetsvilleTown/Textures/Tiled/T_planks_03.uexp" 649
"C:/Users/Edde/Documents/GitHub/VRGameSTEAM/Content/AssetsvilleTown/Materials/MI_Planks_03.uasset" 650
"C:/Users/Edde/Documents/GitHub/VRGameSTEAM/Content/AssetsvilleTown/Materials/MI_Planks_03.uexp" 651
"C:/Users/Edde/Documents/GitHub/VRGameSTEAM/Content/AssetsvilleTown/Textures/Tiled/T_tiles_06.ubulk" 652
"C:/Users/Edde/Documents/GitHub/VRGameSTEAM/Content/AssetsvilleTown/Textures/Tiled/T_tiles_06.uasset" 653
"C:/Users/Edde/Documents/GitHub/VRGameSTEAM/Content/AssetsvilleTown/Textures/Tiled/T_tiles_06.uexp" 654
"C:/Users/Edde/Documents/GitHub/VRGameSTEAM/Content/AssetsvilleTown/Materials/MI_Tiles_06.uasset" 655
"C:/Users/Edde/Documents/GitHub/VRGameSTEAM/Content/AssetsvilleTown/Materials/MI_Tiles_06.uexp" 656
"C:/Users/Edde/Documents/GitHub/VRGameSTEAM/Content/AssetsvilleTown/Materials/MI_matteDarkBrown2.uasset" 657
"C:/Users/Edde/Documents/GitHub/VRGameSTEAM/Content/AssetsvilleTown/Materials/MI_matteDarkBrown2.uexp" 658
"C:/Users/Edde/Documents/GitHub/VRGameSTEAM/Content/AssetsvilleTown/Textures/Tiled/T_tiles_wall_11.ubulk" 659
"C:/Users/Edde/Documents/GitHub/VRGameSTEAM/Content/AssetsvilleTown/Textures/Tiled/T_tiles_wall_11.uasset" 660
"C:/Users/Edde/Documents/GitHub/VRGameSTEAM/Content/AssetsvilleTown/Textures/Tiled/T_tiles_wall_11.uexp" 661
"C:/Users/Edde/Documents/GitHub/VRGameSTEAM/Content/AssetsvilleTown/Materials/MI_Tiles_Wall_11.uasset" 662
"C:/Users/Edde/Documents/GitHub/VRGameSTEAM/Content/AssetsvilleTown/Materials/MI_Tiles_Wall_11.uexp" 663
"C:/Users/Edde/Documents/GitHub/VRGameSTEAM/Content/AssetsvilleTown/Meshes/Buildings/SM_GasStationOld.uasset" 664
"C:/Users/Edde/Documents/GitHub/VRGameSTEAM/Content/AssetsvilleTown/Meshes/Buildings/SM_GasStationOld.uexp" 665
"C:/Users/Edde/Documents/GitHub/VRGameSTEAM/Content/Blueprints/Movment/PC_possesion.uasset" 666
"C:/Users/Edde/Documents/GitHub/VRGameSTEAM/Content/Blueprints/Movment/PC_possesion.uexp" 667
"../../../Engine/Content/EditorBlueprintResources/StandardMacros.uasset" 668
"../../../Engine/Content/EditorBlueprintResources/StandardMacros.uexp" 669
"C:/Users/Edde/Documents/GitHub/VRGameSTEAM/Content/Blueprints/NPC/Quest/WP_Mission.uasset" 670
"C:/Users/Edde/Documents/GitHub/VRGameSTEAM/Content/Blueprints/NPC/Quest/WP_Mission.uexp" 671
"C:/Users/Edde/Documents/GitHub/VRGameSTEAM/Content/Blueprints/NPC/Dialogue/BPI_Dialogue.uasset" 672
"C:/Users/Edde/Documents/GitHub/VRGameSTEAM/Content/Blueprints/NPC/Dialogue/BPI_Dialogue.uexp" 673
"C:/Users/Edde/Documents/GitHub/VRGameSTEAM/Content/Blueprints/Movment/joystick.uasset" 674
"C:/Users/Edde/Documents/GitHub/VRGameSTEAM/Content/Blueprints/Movment/joystick.uexp" 675
"../../../Engine/Content/Functions/Engine_MaterialFunctions01/WorldPositionOffset/SimpleGrassWind.uasset" 676
"../../../Engine/Content/Functions/Engine_MaterialFunctions01/WorldPositionOffset/SimpleGrassWind.uexp" 677
"C:/Users/Edde/Documents/GitHub/VRGameSTEAM/Content/AssetsvilleTown/Textures/Foliage/T_leaf_01.ubulk" 678
"C:/Users/Edde/Documents/GitHub/VRGameSTEAM/Content/AssetsvilleTown/Textures/Foliage/T_leaf_01.uasset" 679
"C:/Users/Edde/Documents/GitHub/VRGameSTEAM/Content/AssetsvilleTown/Textures/Foliage/T_leaf_01.uexp" 680
"C:/Users/Edde/Documents/GitHub/VRGameSTEAM/Content/AssetsvilleTown/Materials/MasterMaterials/M_Plants.uasset" 681
"C:/Users/Edde/Documents/GitHub/VRGameSTEAM/Content/AssetsvilleTown/Materials/MasterMaterials/M_Plants.uexp" 682
"C:/Users/Edde/Documents/GitHub/VRGameSTEAM/Content/AssetsvilleTown/Textures/Foliage/T_leaf_02.ubulk" 683
"C:/Users/Edde/Documents/GitHub/VRGameSTEAM/Content/AssetsvilleTown/Textures/Foliage/T_leaf_02.uasset" 684
"C:/Users/Edde/Documents/GitHub/VRGameSTEAM/Content/AssetsvilleTown/Textures/Foliage/T_leaf_02.uexp" 685
"C:/Users/Edde/Documents/GitHub/VRGameSTEAM/Content/AssetsvilleTown/Materials/MI_Leaf_02.uasset" 686
"C:/Users/Edde/Documents/GitHub/VRGameSTEAM/Content/AssetsvilleTown/Materials/MI_Leaf_02.uexp" 687
"C:/Users/Edde/Documents/GitHub/VRGameSTEAM/Content/AssetsvilleTown/Materials/MI_matteBrown.uasset" 688
"C:/Users/Edde/Documents/GitHub/VRGameSTEAM/Content/AssetsvilleTown/Materials/MI_matteBrown.uexp" 689
"C:/Users/Edde/Documents/GitHub/VRGameSTEAM/Content/AssetsvilleTown/Meshes/Nature/SM_tree_03.uasset" 690
"C:/Users/Edde/Documents/GitHub/VRGameSTEAM/Content/AssetsvilleTown/Meshes/Nature/SM_tree_03.uexp" 691
"C:/Users/Edde/Documents/GitHub/VRGameSTEAM/Content/AssetsvilleTown/Meshes/Nature/tree_03_FoliageType.uasset" 692
"C:/Users/Edde/Documents/GitHub/VRGameSTEAM/Content/AssetsvilleTown/Meshes/Nature/tree_03_FoliageType.uexp" 693
"C:/Users/Edde/Documents/GitHub/VRGameSTEAM/Content/Materials/Ground.uasset" 694
"C:/Users/Edde/Documents/GitHub/VRGameSTEAM/Content/Materials/Ground.uexp" 695
"C:/Users/Edde/Documents/GitHub/VRGameSTEAM/Content/AssetsvilleTown/Materials/MI_Leaf_01.uasset" 696
"C:/Users/Edde/Documents/GitHub/VRGameSTEAM/Content/AssetsvilleTown/Materials/MI_Leaf_01.uexp" 697
"C:/Users/Edde/Documents/GitHub/VRGameSTEAM/Content/AssetsvilleTown/Meshes/Nature/SM_bush_01.uasset" 698
"C:/Users/Edde/Documents/GitHub/VRGameSTEAM/Content/AssetsvilleTown/Meshes/Nature/SM_bush_01.uexp" 699
"../../../Engine/Content/EngineMaterials/DefaultPhysicalMaterial.uasset" 700
"../../../Engine/Content/EngineMaterials/DefaultPhysicalMaterial.uexp" 701
"C:/Users/Edde/Documents/GitHub/VRGameSTEAM/Content/AssetsvilleTown/Meshes/Nature/SM_tree_02.uasset" 702
"C:/Users/Edde/Documents/GitHub/VRGameSTEAM/Content/AssetsvilleTown/Meshes/Nature/SM_tree_02.uexp" 703
"C:/Users/Edde/Documents/GitHub/VRGameSTEAM/Content/AssetsvilleTown/Meshes/Nature/tree_02_FoliageType.uasset" 704
"C:/Users/Edde/Documents/GitHub/VRGameSTEAM/Content/AssetsvilleTown/Meshes/Nature/tree_02_FoliageType.uexp" 705
"C:/Users/Edde/Documents/GitHub/VRGameSTEAM/Content/AssetsvilleTown/Meshes/Nature/SM_tree_04.uasset" 706
"C:/Users/Edde/Documents/GitHub/VRGameSTEAM/Content/AssetsvilleTown/Meshes/Nature/SM_tree_04.uexp" 707
"C:/Users/Edde/Documents/GitHub/VRGameSTEAM/Content/AssetsvilleTown/Meshes/Nature/tree_04_FoliageType.uasset" 708
"C:/Users/Edde/Documents/GitHub/VRGameSTEAM/Content/AssetsvilleTown/Meshes/Nature/tree_04_FoliageType.uexp" 709
"C:/Users/Edde/Documents/GitHub/VRGameSTEAM/Content/AssetsvilleTown/Meshes/Nature/bush_01_FoliageType.uasset" 710
"C:/Users/Edde/Documents/GitHub/VRGameSTEAM/Content/AssetsvilleTown/Meshes/Nature/bush_01_FoliageType.uexp" 711
"C:/Users/Edde/Documents/GitHub/VRGameSTEAM/Content/Blueprints/Arrays_of_arrays.uasset" 712
"C:/Users/Edde/Documents/GitHub/VRGameSTEAM/Content/Blueprints/Arrays_of_arrays.uexp" 713
"C:/Users/Edde/Documents/GitHub/VRGameSTEAM/Content/Materials/GridMaterial.uasset" 714
"C:/Users/Edde/Documents/GitHub/VRGameSTEAM/Content/Materials/GridMaterial.uexp" 715
"../../../Engine/Content/BasicShapes/Plane.uasset" 716
"../../../Engine/Content/BasicShapes/Plane.uexp" 717
"C:/Users/Edde/Documents/GitHub/VRGameSTEAM/Content/Blueprints/tEST.uasset" 718
"C:/Users/Edde/Documents/GitHub/VRGameSTEAM/Content/Blueprints/tEST.uexp" 719
"C:/Users/Edde/Documents/GitHub/VRGameSTEAM/Content/Blueprints/grid.uasset" 720
"C:/Users/Edde/Documents/GitHub/VRGameSTEAM/Content/Blueprints/grid.uexp" 721
"C:/Users/Edde/Documents/GitHub/VRGameSTEAM/Content/AssetsvilleTown/Textures/Foliage/T_leaf_01a.ubulk" 722
"C:/Users/Edde/Documents/GitHub/VRGameSTEAM/Content/AssetsvilleTown/Textures/Foliage/T_leaf_01a.uasset" 723
"C:/Users/Edde/Documents/GitHub/VRGameSTEAM/Content/AssetsvilleTown/Textures/Foliage/T_leaf_01a.uexp" 724
"C:/Users/Edde/Documents/GitHub/VRGameSTEAM/Content/AssetsvilleTown/Materials/MI_Leaf_01a.uasset" 725
"C:/Users/Edde/Documents/GitHub/VRGameSTEAM/Content/AssetsvilleTown/Materials/MI_Leaf_01a.uexp" 726
"C:/Users/Edde/Documents/GitHub/VRGameSTEAM/Content/AssetsvilleTown/Meshes/Nature/SM_tree_01.uasset" 727
"C:/Users/Edde/Documents/GitHub/VRGameSTEAM/Content/AssetsvilleTown/Meshes/Nature/SM_tree_01.uexp" 728
"C:/Users/Edde/Documents/GitHub/VRGameSTEAM/Content/AssetsvilleTown/Meshes/Nature/tree_01_FoliageType.uasset" 729
"C:/Users/Edde/Documents/GitHub/VRGameSTEAM/Content/AssetsvilleTown/Meshes/Nature/tree_01_FoliageType.uexp" 730
"C:/Users/Edde/Documents/GitHub/VRGameSTEAM/Content/AssetsvilleTown/Meshes/Nature/tree_01a_FoliageType.uasset" 731
"C:/Users/Edde/Documents/GitHub/VRGameSTEAM/Content/AssetsvilleTown/Meshes/Nature/tree_01a_FoliageType.uexp" 732
"C:/Users/Edde/Documents/GitHub/VRGameSTEAM/Content/TEMPLATE_FILES/VRTemplate/Blueprints/VRGameMode.uasset" 733
"C:/Users/Edde/Documents/GitHub/VRGameSTEAM/Content/TEMPLATE_FILES/VRTemplate/Blueprints/VRGameMode.uexp" 734
"C:/Users/Edde/Documents/GitHub/VRGameSTEAM/Content/Maps/GoQSMap_BuiltData.ubulk" 735
"C:/Users/Edde/Documents/GitHub/VRGameSTEAM/Content/Maps/GoQSMap_BuiltData.uasset" 736
"C:/Users/Edde/Documents/GitHub/VRGameSTEAM/Content/Maps/GoQSMap_BuiltData.uexp" 737
"C:/Users/Edde/Documents/GitHub/VRGameSTEAM/Content/Blueprints/NPC/Quest/BP_MissionTrigger.uasset" 738
"C:/Users/Edde/Documents/GitHub/VRGameSTEAM/Content/Blueprints/NPC/Quest/BP_MissionTrigger.uexp" 739
"C:/Users/Edde/Documents/GitHub/VRGameSTEAM/Content/AssetsvilleTown/Meshes/Characters/SK_citizen_male_07.uasset" 740
"C:/Users/Edde/Documents/GitHub/VRGameSTEAM/Content/AssetsvilleTown/Meshes/Characters/SK_citizen_male_07.uexp" 741
"C:/Users/Edde/Documents/GitHub/VRGameSTEAM/Content/Blueprints/NPC/Dialogue/WB_Dialogue.uasset" 742
"C:/Users/Edde/Documents/GitHub/VRGameSTEAM/Content/Blueprints/NPC/Dialogue/WB_Dialogue.uexp" 743
"../../../Engine/Plugins/Runtime/OpenXR/Content/Devices/OculusTouch_v2/BaseTexture.ubulk" 744
"../../../Engine/Plugins/Runtime/OpenXR/Content/Devices/OculusTouch_v2/BaseTexture.uasset" 745
"../../../Engine/Plugins/Runtime/OpenXR/Content/Devices/OculusTouch_v2/BaseTexture.uexp" 746
"../../../Engine/Plugins/Runtime/OpenXR/Content/Devices/OculusTouch_v2/MRTexture.ubulk" 747
"../../../Engine/Plugins/Runtime/OpenXR/Content/Devices/OculusTouch_v2/MRTexture.uasset" 748
"../../../Engine/Plugins/Runtime/OpenXR/Content/Devices/OculusTouch_v2/MRTexture.uexp" 749
"../../../Engine/Plugins/Runtime/OpenXR/Content/Devices/OculusTouch_v2/MI_OculusTouch_v2.uasset" 750
"../../../Engine/Plugins/Runtime/OpenXR/Content/Devices/OculusTouch_v2/MI_OculusTouch_v2.uexp" 751
"../../../Engine/Plugins/Runtime/OpenXR/Content/Devices/OculusTouch_v2/Right/right_OculusTouch_v2Controller.uasset" 752
"../../../Engine/Plugins/Runtime/OpenXR/Content/Devices/OculusTouch_v2/Right/right_OculusTouch_v2Controller.uexp" 753
"../../../Engine/Plugins/Runtime/OpenXR/Content/Devices/OculusTouch_v2/Left/left_OculusTouch_v2Controller.uasset" 754
"../../../Engine/Plugins/Runtime/OpenXR/Content/Devices/OculusTouch_v2/Left/left_OculusTouch_v2Controller.uexp" 755
"../../../Engine/Plugins/FX/Niagara/Content/Enums/ENiagaraTorusDistributionMode.uasset" 756
"../../../Engine/Plugins/FX/Niagara/Content/Enums/ENiagaraTorusDistributionMode.uexp" 757
"../../../Engine/Plugins/FX/Niagara/Content/Enums/ENiagara_MassInitializationMode.uasset" 758
"../../../Engine/Plugins/FX/Niagara/Content/Enums/ENiagara_MassInitializationMode.uexp" 759
"../../../Engine/Plugins/FX/Niagara/Content/Enums/ENiagara_PositionInitializationMode.uasset" 760
"../../../Engine/Plugins/FX/Niagara/Content/Enums/ENiagara_PositionInitializationMode.uexp" 761
"../../../Engine/Plugins/FX/Niagara/Content/Enums/ENiagaraTorusMode.uasset" 762
"../../../Engine/Plugins/FX/Niagara/Content/Enums/ENiagaraTorusMode.uexp" 763
"../../../Engine/Plugins/FX/Niagara/Content/Enums/ENiagara_SizeScaleMode.uasset" 764
"../../../Engine/Plugins/FX/Niagara/Content/Enums/ENiagara_SizeScaleMode.uexp" 765
"../../../Engine/Plugins/FX/Niagara/Content/Functions/NormalizedExecutionIndex.uasset" 766
"../../../Engine/Plugins/FX/Niagara/Content/Functions/NormalizedExecutionIndex.uexp" 767
"../../../Engine/Plugins/FX/Niagara/Content/DynamicInputs/Execution/ReturnNormalizedExecIndex.uasset" 768
"../../../Engine/Plugins/FX/Niagara/Content/DynamicInputs/Execution/ReturnNormalizedExecIndex.uexp" 769
"../../../Engine/Plugins/FX/Niagara/Content/Enums/ENiagara_UVFlippingMode.uasset" 770
"../../../Engine/Plugins/FX/Niagara/Content/Enums/ENiagara_UVFlippingMode.uexp" 771
"../../../Engine/Plugins/FX/Niagara/Content/Functions/Localspace/SimulationPosition.uasset" 772
"../../../Engine/Plugins/FX/Niagara/Content/Functions/Localspace/SimulationPosition.uexp" 773
"../../../Engine/Plugins/FX/Niagara/Content/Enums/ENiagaraRandomnessMode.uasset" 774
"../../../Engine/Plugins/FX/Niagara/Content/Enums/ENiagaraRandomnessMode.uexp" 775
"../../../Engine/Plugins/FX/Niagara/Content/Enums/ENiagaraRandomnessEvaluation.uasset" 776
"../../../Engine/Plugins/FX/Niagara/Content/Enums/ENiagaraRandomnessEvaluation.uexp" 777
"../../../Engine/Plugins/FX/Niagara/Content/Functions/V2/CalculateRandomRangeInteger.uasset" 778
"../../../Engine/Plugins/FX/Niagara/Content/Functions/V2/CalculateRandomRangeInteger.uexp" 779
"../../../Engine/Plugins/FX/Niagara/Content/Functions/V2/CalculateRandomRangeFloat.uasset" 780
"../../../Engine/Plugins/FX/Niagara/Content/Functions/V2/CalculateRandomRangeFloat.uexp" 781
"../../../Engine/Plugins/FX/Niagara/Content/Functions/Localspace/TransformBase.uasset" 782
"../../../Engine/Plugins/FX/Niagara/Content/Functions/Localspace/TransformBase.uexp" 783
"../../../Engine/Plugins/FX/Niagara/Content/Functions/Localspace/TransformVector.uasset" 784
"../../../Engine/Plugins/FX/Niagara/Content/Functions/Localspace/TransformVector.uexp" 785
"../../../Engine/Plugins/FX/Niagara/Content/Enums/Ribbons/ENiagara_UnsetDirectSetRandom.uasset" 786
"../../../Engine/Plugins/FX/Niagara/Content/Enums/Ribbons/ENiagara_UnsetDirectSetRandom.uexp" 787
"../../../Engine/Plugins/FX/Niagara/Content/Enums/ENiagara_LifetimeMode.uasset" 788
"../../../Engine/Plugins/FX/Niagara/Content/Enums/ENiagara_LifetimeMode.uexp" 789
"../../../Engine/Plugins/FX/Niagara/Content/Functions/V2/CalculateRandomRange.uasset" 790
"../../../Engine/Plugins/FX/Niagara/Content/Functions/V2/CalculateRandomRange.uexp" 791
"../../../Engine/Plugins/FX/Niagara/Content/Functions/V2/CalculateRandomBool.uasset" 792
"../../../Engine/Plugins/FX/Niagara/Content/Functions/V2/CalculateRandomBool.uexp" 793
"../../../Engine/Plugins/FX/Niagara/Content/Enums/Ribbons/ENiagara_UnsetDirectSet.uasset" 794
"../../../Engine/Plugins/FX/Niagara/Content/Enums/Ribbons/ENiagara_UnsetDirectSet.uexp" 795
"../../../Engine/Plugins/FX/Niagara/Content/Enums/ENiagara_SpriteRotationMode.uasset" 796
"../../../Engine/Plugins/FX/Niagara/Content/Enums/ENiagara_SpriteRotationMode.uexp" 797
"../../../Engine/Plugins/FX/Niagara/Content/Enums/ENiagara_ColorInitializationMode.uasset" 798
"../../../Engine/Plugins/FX/Niagara/Content/Enums/ENiagara_ColorInitializationMode.uexp" 799
"../../../Engine/Plugins/FX/Niagara/Content/Functions/LinearColor/HueShiftLinearColor.uasset" 800
"../../../Engine/Plugins/FX/Niagara/Content/Functions/LinearColor/HueShiftLinearColor.uexp" 801
"../../../Engine/Plugins/FX/Niagara/Content/Enums/ENiagaraChannelCorrelation.uasset" 802
"../../../Engine/Plugins/FX/Niagara/Content/Enums/ENiagaraChannelCorrelation.uexp" 803
"../../../Engine/Plugins/FX/Niagara/Content/Modules/Spawn/Initialization/V2/InitializeParticle.uasset" 804
"../../../Engine/Plugins/FX/Niagara/Content/Modules/Spawn/Initialization/V2/InitializeParticle.uexp" 805
"../../../Engine/Content/Functions/Engine_MaterialFunctions02/Utility/DepthFromWorldPosition.uasset" 806
"../../../Engine/Content/Functions/Engine_MaterialFunctions02/Utility/DepthFromWorldPosition.uexp" 807
"C:/Users/Edde/Documents/GitHub/VRGameSTEAM/Content/TEMPLATE_FILES/VRTemplate/Materials/Functions/MF_OccludedPixels.uasset" 808
"C:/Users/Edde/Documents/GitHub/VRGameSTEAM/Content/TEMPLATE_FILES/VRTemplate/Materials/Functions/MF_OccludedPixels.uexp" 809
"../../../Engine/Content/EngineMaterials/Good64x64TilingNoiseHighFreq.uasset" 810
"../../../Engine/Content/EngineMaterials/Good64x64TilingNoiseHighFreq.uexp" 811
"C:/Users/Edde/Documents/GitHub/VRGameSTEAM/Content/TEMPLATE_FILES/VRTemplate/Materials/M_TeleportCylinder.uasset" 812
"C:/Users/Edde/Documents/GitHub/VRGameSTEAM/Content/TEMPLATE_FILES/VRTemplate/Materials/M_TeleportCylinder.uexp" 813
"../../../Engine/Plugins/FX/Niagara/Content/Enums/ENiagaraEmitterLifeCycleMode.uasset" 814
"../../../Engine/Plugins/FX/Niagara/Content/Enums/ENiagaraEmitterLifeCycleMode.uexp" 815
"../../../Engine/Plugins/FX/Niagara/Content/Functions/Emitter/EmitterChangeState.uasset" 816
"../../../Engine/Plugins/FX/Niagara/Content/Functions/Emitter/EmitterChangeState.uexp" 817
"../../../Engine/Plugins/FX/Niagara/Content/Enums/ENiagara_InfiniteLoopDuration.uasset" 818
"../../../Engine/Plugins/FX/Niagara/Content/Enums/ENiagara_InfiniteLoopDuration.uexp" 819
"../../../Engine/Plugins/FX/Niagara/Content/Enums/ENiagara_EmitterStateOptions.uasset" 820
"../../../Engine/Plugins/FX/Niagara/Content/Enums/ENiagara_EmitterStateOptions.uexp" 821
"../../../Engine/Plugins/FX/Niagara/Content/Enums/ENiagaraInactiveMode.uasset" 822
"../../../Engine/Plugins/FX/Niagara/Content/Enums/ENiagaraInactiveMode.uexp" 823
"../../../Engine/Plugins/FX/Niagara/Content/Enums/ENiagaraExecutionStateManagement.uasset" 824
"../../../Engine/Plugins/FX/Niagara/Content/Enums/ENiagaraExecutionStateManagement.uexp" 825
"../../../Engine/Plugins/FX/Niagara/Content/Enums/ENiagaraEmitterScalabilityMode_Limited.uasset" 826
"../../../Engine/Plugins/FX/Niagara/Content/Enums/ENiagaraEmitterScalabilityMode_Limited.uexp" 827
"../../../Engine/Plugins/FX/Niagara/Content/Modules/Emitter/EmitterState.uasset" 828
"../../../Engine/Plugins/FX/Niagara/Content/Modules/Emitter/EmitterState.uexp" 829
"../../../Engine/Plugins/FX/Niagara/Content/Modules/Emitter/SpawnBurst_Instantaneous.uasset" 830
"../../../Engine/Plugins/FX/Niagara/Content/Modules/Emitter/SpawnBurst_Instantaneous.uexp" 831
"../../../Engine/Plugins/FX/Niagara/Content/Functions/GetRandomInfo.uasset" 832
"../../../Engine/Plugins/FX/Niagara/Content/Functions/GetRandomInfo.uexp" 833
"../../../Engine/Plugins/FX/Niagara/Content/Functions/RandomRangeFloat.uasset" 834
"../../../Engine/Plugins/FX/Niagara/Content/Functions/RandomRangeFloat.uexp" 835
"../../../Engine/Plugins/FX/Niagara/Content/Modules/Spawn/Initialization/InitializeRibbon.uasset" 836
"../../../Engine/Plugins/FX/Niagara/Content/Modules/Spawn/Initialization/InitializeRibbon.uexp" 837
"../../../Engine/Plugins/FX/Niagara/Content/Enums/ENiagaraSystemInactiveMode.uasset" 838
"../../../Engine/Plugins/FX/Niagara/Content/Enums/ENiagaraSystemInactiveMode.uexp" 839
"C:/Users/Edde/Documents/GitHub/VRGameSTEAM/Content/TEMPLATE_FILES/VRTemplate/VFX/NPC_VRTemplate.uasset" 840
"C:/Users/Edde/Documents/GitHub/VRGameSTEAM/Content/TEMPLATE_FILES/VRTemplate/VFX/NPC_VRTemplate.uexp" 841
"../../../Engine/Plugins/FX/Niagara/Content/Functions/System/SystemChangeState.uasset" 842
"../../../Engine/Plugins/FX/Niagara/Content/Functions/System/SystemChangeState.uexp" 843
"../../../Engine/Plugins/FX/Niagara/Content/Modules/System/SystemState.uasset" 844
"../../../Engine/Plugins/FX/Niagara/Content/Modules/System/SystemState.uexp" 845
"../../../Engine/Content/BasicShapes/Cylinder.uasset" 846
"../../../Engine/Content/BasicShapes/Cylinder.uexp" 847
"../../../Engine/Plugins/FX/Niagara/Content/Functions/DirectionAndLengthSafe.uasset" 848
"../../../Engine/Plugins/FX/Niagara/Content/Functions/DirectionAndLengthSafe.uexp" 849
"../../../Engine/Plugins/FX/Niagara/Content/Functions/Rotation/MultiplyVectorWithQuaternion.uasset" 850
"../../../Engine/Plugins/FX/Niagara/Content/Functions/Rotation/MultiplyVectorWithQuaternion.uexp" 851
"../../../Engine/Plugins/FX/Niagara/Content/Functions/Rotation/MultiplyQuaternion.uasset" 852
"../../../Engine/Plugins/FX/Niagara/Content/Functions/Rotation/MultiplyQuaternion.uexp" 853
"../../../Engine/Plugins/FX/Niagara/Content/Functions/Rotation/FindQuatBetween.uasset" 854
"../../../Engine/Plugins/FX/Niagara/Content/Functions/Rotation/FindQuatBetween.uexp" 855
"../../../Engine/Plugins/FX/Niagara/Content/Functions/RandomRange.uasset" 856
"../../../Engine/Plugins/FX/Niagara/Content/Functions/RandomRange.uexp" 857
"../../../Engine/Plugins/FX/Niagara/Content/Enums/ENiagaraVector4_Channels.uasset" 858
"../../../Engine/Plugins/FX/Niagara/Content/Enums/ENiagaraVector4_Channels.uexp" 859
"../../../Engine/Plugins/FX/Niagara/Content/Functions/ChannelMasks/SelectV4Channel.uasset" 860
"../../../Engine/Plugins/FX/Niagara/Content/Functions/ChannelMasks/SelectV4Channel.uexp" 861
"../../../Engine/Plugins/FX/Niagara/Content/Functions/Localspace/PositionToVector.uasset" 862
"../../../Engine/Plugins/FX/Niagara/Content/Functions/Localspace/PositionToVector.uexp" 863
"../../../Engine/Plugins/FX/Niagara/Content/Functions/ParametricTorusKnot.uasset" 864
"../../../Engine/Plugins/FX/Niagara/Content/Functions/ParametricTorusKnot.uexp" 865
"../../../Engine/Plugins/FX/Niagara/Content/Functions/PolarToCartesianCoordinates.uasset" 866
"../../../Engine/Plugins/FX/Niagara/Content/Functions/PolarToCartesianCoordinates.uexp" 867
"../../../Engine/Plugins/FX/Niagara/Content/Functions/ParametricTorus.uasset" 868
"../../../Engine/Plugins/FX/Niagara/Content/Functions/ParametricTorus.uexp" 869
"../../../Engine/Plugins/FX/Niagara/Content/Functions/Rotation/AxisAngleToQuaternion.uasset" 870
"../../../Engine/Plugins/FX/Niagara/Content/Functions/Rotation/AxisAngleToQuaternion.uexp" 871
"../../../Engine/Plugins/FX/Niagara/Content/Modules/Spawn/Location/TorusLocation.uasset" 872
"../../../Engine/Plugins/FX/Niagara/Content/Modules/Spawn/Location/TorusLocation.uexp" 873
"C:/Users/Edde/Documents/GitHub/VRGameSTEAM/Content/TEMPLATE_FILES/VRTemplate/Materials/M_TeleportNoise.uasset" 874
"C:/Users/Edde/Documents/GitHub/VRGameSTEAM/Content/TEMPLATE_FILES/VRTemplate/Materials/M_TeleportNoise.uexp" 875
"../../../Engine/Plugins/FX/Niagara/Content/Functions/Math/SaturateFloat.uasset" 876
"../../../Engine/Plugins/FX/Niagara/Content/Functions/Math/SaturateFloat.uexp" 877
"../../../Engine/Plugins/FX/Niagara/Content/Icons/Modules/T_Icon_Particle_InfiniteLife.uasset" 878
"../../../Engine/Plugins/FX/Niagara/Content/Icons/Modules/T_Icon_Particle_InfiniteLife.uexp" 879
"../../../Engine/Plugins/FX/Niagara/Content/Modules/Update/Lifetime/ParticleState.uasset" 880
"../../../Engine/Plugins/FX/Niagara/Content/Modules/Update/Lifetime/ParticleState.uexp" 881
"C:/Users/Edde/Documents/GitHub/VRGameSTEAM/Content/TEMPLATE_FILES/VRTemplate/VFX/NS_TeleportRing.uasset" 882
"C:/Users/Edde/Documents/GitHub/VRGameSTEAM/Content/TEMPLATE_FILES/VRTemplate/VFX/NS_TeleportRing.uexp" 883
"../../../Engine/Plugins/FX/Niagara/Content/Enums/ENiagaraArraySamplingMode.uasset" 884
"../../../Engine/Plugins/FX/Niagara/Content/Enums/ENiagaraArraySamplingMode.uexp" 885
"../../../Engine/Plugins/FX/Niagara/Content/Enums/ENiagara_WrapClamp.uasset" 886
"../../../Engine/Plugins/FX/Niagara/Content/Enums/ENiagara_WrapClamp.uexp" 887
"../../../Engine/Plugins/FX/Niagara/Content/DynamicInputs/Arrays/SelectVectorFromArray.uasset" 888
"../../../Engine/Plugins/FX/Niagara/Content/DynamicInputs/Arrays/SelectVectorFromArray.uexp" 889
"../../../Engine/Plugins/FX/Niagara/Content/DynamicInputs/Multiply/Multiply_VectorByFloat.uasset" 890
"../../../Engine/Plugins/FX/Niagara/Content/DynamicInputs/Multiply/Multiply_VectorByFloat.uexp" 891
"../../../Engine/Plugins/FX/Niagara/Content/DynamicInputs/Execution/ReturnExecIndex.uasset" 892
"../../../Engine/Plugins/FX/Niagara/Content/DynamicInputs/Execution/ReturnExecIndex.uexp" 893
"../../../Engine/Plugins/FX/Niagara/Content/DynamicInputs/Multiply/Multiply_Vector.uasset" 894
"../../../Engine/Plugins/FX/Niagara/Content/DynamicInputs/Multiply/Multiply_Vector.uexp" 895
"C:/Users/Edde/Documents/GitHub/VRGameSTEAM/Content/TEMPLATE_FILES/VRTemplate/VFX/NS_PlayAreaBounds.uasset" 896
"C:/Users/Edde/Documents/GitHub/VRGameSTEAM/Content/TEMPLATE_FILES/VRTemplate/VFX/NS_PlayAreaBounds.uexp" 897
"C:/Users/Edde/Documents/GitHub/VRGameSTEAM/Content/TEMPLATE_FILES/VRTemplate/Blueprints/VRTeleportVisualizer.uasset" 898
"C:/Users/Edde/Documents/GitHub/VRGameSTEAM/Content/TEMPLATE_FILES/VRTemplate/Blueprints/VRTeleportVisualizer.uexp" 899
"C:/Users/Edde/Documents/GitHub/VRGameSTEAM/Content/TEMPLATE_FILES/VRTemplate/Blueprints/GrabType.uasset" 900
"C:/Users/Edde/Documents/GitHub/VRGameSTEAM/Content/TEMPLATE_FILES/VRTemplate/Blueprints/GrabType.uexp" 901
"C:/Users/Edde/Documents/GitHub/VRGameSTEAM/Content/TEMPLATE_FILES/VRTemplate/Haptics/GrabHapticEffect.uasset" 902
"C:/Users/Edde/Documents/GitHub/VRGameSTEAM/Content/TEMPLATE_FILES/VRTemplate/Haptics/GrabHapticEffect.uexp" 903
"C:/Users/Edde/Documents/GitHub/VRGameSTEAM/Content/TEMPLATE_FILES/VRTemplate/Blueprints/VRInteractionBPI.uasset" 904
"C:/Users/Edde/Documents/GitHub/VRGameSTEAM/Content/TEMPLATE_FILES/VRTemplate/Blueprints/VRInteractionBPI.uexp" 905
"C:/Users/Edde/Documents/GitHub/VRGameSTEAM/Content/TEMPLATE_FILES/VRTemplate/Blueprints/GrabComponent.uasset" 906
"C:/Users/Edde/Documents/GitHub/VRGameSTEAM/Content/TEMPLATE_FILES/VRTemplate/Blueprints/GrabComponent.uexp" 907
"../../../Engine/Plugins/FX/Niagara/Content/DynamicInputs/Helpers/SimulationPosition.uasset" 908
"../../../Engine/Plugins/FX/Niagara/Content/DynamicInputs/Helpers/SimulationPosition.uexp" 909
"../../../Engine/Plugins/FX/Niagara/Content/Functions/Localspace/TransformPosition.uasset" 910
"../../../Engine/Plugins/FX/Niagara/Content/Functions/Localspace/TransformPosition.uexp" 911
"../../../Engine/Plugins/FX/Niagara/Content/Modules/Beams/BeamEmitterSetup.uasset" 912
"../../../Engine/Plugins/FX/Niagara/Content/Modules/Beams/BeamEmitterSetup.uexp" 913
"../../../Engine/Plugins/FX/Niagara/Content/Modules/Spawn/Initialization/InitializeParticle.uasset" 914
"../../../Engine/Plugins/FX/Niagara/Content/Modules/Spawn/Initialization/InitializeParticle.uexp" 915
"../../../Engine/Plugins/FX/Niagara/Content/Icons/Modules/T_Icon_Solver_LimitSpeed.uasset" 916
"../../../Engine/Plugins/FX/Niagara/Content/Icons/Modules/T_Icon_Solver_LimitSpeed.uexp" 917
"../../../Engine/Plugins/FX/Niagara/Content/Modules/Solvers/ApplyRotationVector.uasset" 918
"../../../Engine/Plugins/FX/Niagara/Content/Modules/Solvers/ApplyRotationVector.uexp" 919
"../../../Engine/Plugins/FX/Niagara/Content/Icons/Modules/T_Icon_Solver_RotationalSolve.uasset" 920
"../../../Engine/Plugins/FX/Niagara/Content/Icons/Modules/T_Icon_Solver_RotationalSolve.uexp" 921
"../../../Engine/Plugins/FX/Niagara/Content/Icons/Modules/T_Icon_Solver_LimitAccel.uasset" 922
"../../../Engine/Plugins/FX/Niagara/Content/Icons/Modules/T_Icon_Solver_LimitAccel.uexp" 923
"../../../Engine/Plugins/FX/Niagara/Content/Modules/Solvers/SolveForcesAndVelocity.uasset" 924
"../../../Engine/Plugins/FX/Niagara/Content/Modules/Solvers/SolveForcesAndVelocity.uexp" 925
"../../../Engine/Plugins/FX/Niagara/Content/Functions/Spline/FindPositionOnBezierSpline.uasset" 926
"../../../Engine/Plugins/FX/Niagara/Content/Functions/Spline/FindPositionOnBezierSpline.uexp" 927
"../../../Engine/Plugins/FX/Niagara/Content/Modules/Beams/SpawnBeam.uasset" 928
"../../../Engine/Plugins/FX/Niagara/Content/Modules/Beams/SpawnBeam.uexp" 929
"../../../Engine/Plugins/FX/Niagara/Content/Modules/Beams/BeamWidth.uasset" 930
"../../../Engine/Plugins/FX/Niagara/Content/Modules/Beams/BeamWidth.uexp" 931
"C:/Users/Edde/Documents/GitHub/VRGameSTEAM/Content/TEMPLATE_FILES/VRTemplate/Materials/DefaultRibbonMaterial_NoGradient.uasset" 932
"C:/Users/Edde/Documents/GitHub/VRGameSTEAM/Content/TEMPLATE_FILES/VRTemplate/Materials/DefaultRibbonMaterial_NoGradient.uexp" 933
"../../../Engine/Plugins/FX/Niagara/Content/DynamicInputs/ValueFromCurve/FloatFromCurve.uasset" 934
"../../../Engine/Plugins/FX/Niagara/Content/DynamicInputs/ValueFromCurve/FloatFromCurve.uexp" 935
"../../../Engine/Plugins/FX/Niagara/Content/Modules/Update/Color/Color.uasset" 936
"../../../Engine/Plugins/FX/Niagara/Content/Modules/Update/Color/Color.uexp" 937
"../../../Engine/Plugins/FX/Niagara/Content/DynamicInputs/ValueFromCurve/ColorFromCurve.uasset" 938
"../../../Engine/Plugins/FX/Niagara/Content/DynamicInputs/ValueFromCurve/ColorFromCurve.uexp" 939
"C:/Users/Edde/Documents/GitHub/VRGameSTEAM/Content/TEMPLATE_FILES/VRTemplate/VFX/NS_TeleportTrace.uasset" 940
"C:/Users/Edde/Documents/GitHub/VRGameSTEAM/Content/TEMPLATE_FILES/VRTemplate/VFX/NS_TeleportTrace.uexp" 941
"C:/Users/Edde/Documents/GitHub/VRGameSTEAM/Content/TEMPLATE_FILES/VRTemplate/Blueprints/WidgetMenu.uasset" 942
"C:/Users/Edde/Documents/GitHub/VRGameSTEAM/Content/TEMPLATE_FILES/VRTemplate/Blueprints/WidgetMenu.uexp" 943
"C:/Users/Edde/Documents/GitHub/VRGameSTEAM/Content/TEMPLATE_FILES/VRTemplate/VFX/NS_MenuLaser.uasset" 944
"C:/Users/Edde/Documents/GitHub/VRGameSTEAM/Content/TEMPLATE_FILES/VRTemplate/VFX/NS_MenuLaser.uexp" 945
"C:/Users/Edde/Documents/GitHub/VRGameSTEAM/Content/TEMPLATE_FILES/VRTemplate/Materials/M_VRCursor.uasset" 946
"C:/Users/Edde/Documents/GitHub/VRGameSTEAM/Content/TEMPLATE_FILES/VRTemplate/Materials/M_VRCursor.uexp" 947
"../../../Engine/Content/BasicShapes/Sphere.uasset" 948
"../../../Engine/Content/BasicShapes/Sphere.uexp" 949
"C:/Users/Edde/Documents/GitHub/VRGameSTEAM/Content/TEMPLATE_FILES/VRTemplate/Blueprints/Menu.uasset" 950
"C:/Users/Edde/Documents/GitHub/VRGameSTEAM/Content/TEMPLATE_FILES/VRTemplate/Blueprints/Menu.uexp" 951
"../../../Engine/Content/VREditor/Devices/Generic/GenericHMDMaterial.uasset" 952
"../../../Engine/Content/VREditor/Devices/Generic/GenericHMDMaterial.uexp" 953
"../../../Engine/Content/VREditor/Devices/Generic/GenericHMD.uasset" 954
"../../../Engine/Content/VREditor/Devices/Generic/GenericHMD.uexp" 955
"C:/Users/Edde/Documents/GitHub/VRGameSTEAM/Content/Blueprints/NPC/Dialogue/VRPawnTEST.uasset" 956
"C:/Users/Edde/Documents/GitHub/VRGameSTEAM/Content/Blueprints/NPC/Dialogue/VRPawnTEST.uexp" 957
"C:/Users/Edde/Documents/GitHub/VRGameSTEAM/Content/Blueprints/NPC/Dialogue/BP_NPC.uasset" 958
"C:/Users/Edde/Documents/GitHub/VRGameSTEAM/Content/Blueprints/NPC/Dialogue/BP_NPC.uexp" 959
"C:/Users/Edde/Documents/GitHub/VRGameSTEAM/Content/Maps/GoQSMap.uexp" 960
"C:/Users/Edde/Documents/GitHub/VRGameSTEAM/Content/Maps/GoQSMap.umap" 961
"../../../Engine/Content/Maps/Entry_BuiltData.uasset" 962
"../../../Engine/Content/Maps/Entry_BuiltData.uexp" 963
"../../../Engine/Content/Maps/Entry.uexp" 964
"../../../Engine/Content/Maps/Entry.umap" 965
